<?xml version="1.0" encoding="UTF-8"?>
<coverage generated="1768649239792" clover="3.2.0">
  <project timestamp="1768649239792" name="All files">
    <metrics statements="353" coveredstatements="307" conditionals="272" coveredconditionals="179" methods="87" coveredmethods="73" elements="712" coveredelements="559" complexity="0" loc="353" ncloc="353" packages="1" files="2" classes="2"/>
    <file name="changeRules.ts" path="/Users/ilie/Desktop/Dev/native/reticle2/components/insights/changeRules.ts">
      <metrics statements="35" coveredstatements="18" conditionals="32" coveredconditionals="6" methods="8" coveredmethods="1"/>
      <line num="20" count="1" type="stmt"/>
      <line num="26" count="1" type="stmt"/>
      <line num="32" count="1" type="stmt"/>
      <line num="42" count="1" type="stmt"/>
      <line num="48" count="1" type="stmt"/>
      <line num="54" count="1" type="stmt"/>
      <line num="60" count="1" type="stmt"/>
      <line num="66" count="1" type="stmt"/>
      <line num="77" count="1" type="stmt"/>
      <line num="78" count="8" type="cond" truecount="2" falsecount="2"/>
      <line num="79" count="8" type="cond" truecount="4" falsecount="0"/>
      <line num="80" count="7" type="stmt"/>
      <line num="96" count="1" type="stmt"/>
      <line num="97" count="0" type="stmt"/>
      <line num="98" count="0" type="stmt"/>
      <line num="100" count="0" type="stmt"/>
      <line num="110" count="1" type="stmt"/>
      <line num="111" count="0" type="cond" truecount="0" falsecount="2"/>
      <line num="112" count="0" type="stmt"/>
      <line num="115" count="0" type="stmt"/>
      <line num="116" count="0" type="stmt"/>
      <line num="118" count="0" type="stmt"/>
      <line num="128" count="1" type="stmt"/>
      <line num="129" count="0" type="stmt"/>
      <line num="130" count="0" type="stmt"/>
      <line num="133" count="0" type="stmt"/>
      <line num="148" count="1" type="stmt"/>
      <line num="149" count="0" type="stmt"/>
      <line num="155" count="1" type="cond" truecount="0" falsecount="1"/>
      <line num="156" count="0" type="cond" truecount="0" falsecount="2"/>
      <line num="157" count="0" type="stmt"/>
      <line num="164" count="1" type="stmt"/>
      <line num="169" count="0" type="cond" truecount="0" falsecount="2"/>
      <line num="171" count="0" type="cond" truecount="0" falsecount="2"/>
      <line num="172" count="0" type="cond" truecount="0" falsecount="2"/>
    </file>
    <file name="insights.engine.ts" path="/Users/ilie/Desktop/Dev/native/reticle2/components/insights/insights.engine.ts">
      <metrics statements="318" coveredstatements="289" conditionals="240" coveredconditionals="173" methods="79" coveredmethods="72"/>
      <line num="10" count="1" type="stmt"/>
      <line num="18" count="1" type="stmt"/>
      <line num="38" count="1" type="stmt"/>
      <line num="39" count="1" type="stmt"/>
      <line num="40" count="1" type="stmt"/>
      <line num="41" count="1" type="stmt"/>
      <line num="51" count="96" type="cond" truecount="2" falsecount="0"/>
      <line num="52" count="71" type="stmt"/>
      <line num="53" count="35" type="stmt"/>
      <line num="54" count="35" type="cond" truecount="2" falsecount="0"/>
      <line num="63" count="4" type="cond" truecount="1" falsecount="1"/>
      <line num="64" count="10" type="stmt"/>
      <line num="65" count="10" type="stmt"/>
      <line num="66" count="10" type="stmt"/>
      <line num="73" count="5" type="cond" truecount="2" falsecount="0"/>
      <line num="74" count="10" type="stmt"/>
      <line num="75" count="4" type="cond" truecount="1" falsecount="1"/>
      <line num="76" count="4" type="stmt"/>
      <line num="83" count="70" type="cond" truecount="1" falsecount="1"/>
      <line num="84" count="70" type="stmt"/>
      <line num="85" count="140" type="cond" truecount="4" falsecount="0"/>
      <line num="86" count="70" type="stmt"/>
      <line num="89" count="0" type="stmt"/>
      <line num="96" count="8" type="stmt"/>
      <line num="108" count="0" type="stmt"/>
      <line num="109" count="0" type="stmt"/>
      <line num="111" count="0" type="stmt"/>
      <line num="112" count="0" type="cond" truecount="0" falsecount="2"/>
      <line num="113" count="0" type="cond" truecount="0" falsecount="6"/>
      <line num="116" count="0" type="stmt"/>
      <line num="126" count="1" type="stmt"/>
      <line num="130" count="19" type="stmt"/>
      <line num="132" count="48" type="cond" truecount="2" falsecount="0"/>
      <line num="133" count="10" type="stmt"/>
      <line num="134" count="10" type="stmt"/>
      <line num="135" count="10" type="stmt"/>
      <line num="141" count="10" type="cond" truecount="1" falsecount="1"/>
      <line num="142" count="10" type="stmt"/>
      <line num="143" count="10" type="cond" truecount="2" falsecount="0"/>
      <line num="148" count="45" type="cond" truecount="2" falsecount="2"/>
      <line num="149" count="0" type="stmt"/>
      <line num="153" count="45" type="cond" truecount="2" falsecount="2"/>
      <line num="154" count="0" type="stmt"/>
      <line num="158" count="45" type="cond" truecount="2" falsecount="2"/>
      <line num="159" count="0" type="stmt"/>
      <line num="163" count="45" type="cond" truecount="2" falsecount="0"/>
      <line num="164" count="5" type="stmt"/>
      <line num="165" count="5" type="cond" truecount="2" falsecount="0"/>
      <line num="169" count="43" type="cond" truecount="2" falsecount="0"/>
      <line num="170" count="9" type="cond" truecount="1" falsecount="1"/>
      <line num="171" count="9" type="cond" truecount="1" falsecount="1"/>
      <line num="172" count="9" type="cond" truecount="2" falsecount="0"/>
      <line num="176" count="37" type="cond" truecount="2" falsecount="0"/>
      <line num="177" count="4" type="stmt"/>
      <line num="178" count="4" type="cond" truecount="4" falsecount="0"/>
      <line num="179" count="3" type="cond" truecount="2" falsecount="2"/>
      <line num="180" count="3" type="cond" truecount="2" falsecount="0"/>
      <line num="182" count="2" type="stmt"/>
      <line num="183" count="2" type="cond" truecount="2" falsecount="0"/>
      <line num="188" count="35" type="cond" truecount="2" falsecount="2"/>
      <line num="189" count="0" type="stmt"/>
      <line num="192" count="35" type="stmt"/>
      <line num="203" count="1" type="stmt"/>
      <line num="204" count="45" type="stmt"/>
      <line num="205" count="18" type="stmt"/>
      <line num="208" count="18" type="stmt"/>
      <line num="209" count="18" type="stmt"/>
      <line num="210" count="18" type="stmt"/>
      <line num="211" count="18" type="stmt"/>
      <line num="212" count="18" type="stmt"/>
      <line num="214" count="18" type="stmt"/>
      <line num="215" count="40" type="stmt"/>
      <line num="216" count="40" type="cond" truecount="2" falsecount="0"/>
      <line num="217" count="39" type="stmt"/>
      <line num="218" count="39" type="stmt"/>
      <line num="219" count="39" type="cond" truecount="2" falsecount="0"/>
      <line num="220" count="22" type="stmt"/>
      <line num="222" count="39" type="cond" truecount="2" falsecount="0"/>
      <line num="223" count="38" type="stmt"/>
      <line num="229" count="18" type="stmt"/>
      <line num="238" count="18" type="stmt"/>
      <line num="247" count="18" type="stmt"/>
      <line num="248" count="18" type="cond" truecount="2" falsecount="0"/>
      <line num="249" count="14" type="stmt"/>
      <line num="260" count="18" type="stmt"/>
      <line num="261" count="18" type="cond" truecount="2" falsecount="0"/>
      <line num="262" count="9" type="stmt"/>
      <line num="268" count="45" type="stmt"/>
      <line num="269" count="23" type="stmt"/>
      <line num="275" count="18" type="cond" truecount="2" falsecount="0"/>
      <line num="276" count="18" type="stmt"/>
      <line num="284" count="18" type="stmt"/>
      <line num="298" count="31" type="stmt"/>
      <line num="300" count="31" type="stmt"/>
      <line num="301" count="157" type="stmt"/>
      <line num="302" count="157" type="cond" truecount="2" falsecount="0"/>
      <line num="304" count="112" type="cond" truecount="2" falsecount="0"/>
      <line num="305" count="40" type="stmt"/>
      <line num="318" count="112" type="stmt"/>
      <line num="319" count="112" type="stmt"/>
      <line num="321" count="112" type="cond" truecount="1" falsecount="1"/>
      <line num="322" count="112" type="stmt"/>
      <line num="323" count="112" type="stmt"/>
      <line num="324" count="112" type="cond" truecount="2" falsecount="0"/>
      <line num="325" count="10" type="stmt"/>
      <line num="331" count="31" type="stmt"/>
      <line num="332" count="40" type="cond" truecount="1" falsecount="1"/>
      <line num="333" count="40" type="stmt"/>
      <line num="335" count="10" type="stmt"/>
      <line num="337" count="40" type="stmt"/>
      <line num="340" count="31" type="stmt"/>
      <line num="346" count="1" type="stmt"/>
      <line num="350" count="8" type="stmt"/>
      <line num="351" count="37" type="stmt"/>
      <line num="353" count="8" type="cond" truecount="2" falsecount="0"/>
      <line num="354" count="1" type="stmt"/>
      <line num="358" count="7" type="stmt"/>
      <line num="359" count="7" type="stmt"/>
      <line num="360" count="7" type="stmt"/>
      <line num="362" count="7" type="stmt"/>
      <line num="363" count="35" type="cond" truecount="1" falsecount="1"/>
      <line num="364" count="35" type="stmt"/>
      <line num="365" count="35" type="stmt"/>
      <line num="366" count="35" type="cond" truecount="2" falsecount="0"/>
      <line num="367" count="5" type="stmt"/>
      <line num="372" count="7" type="cond" truecount="1" falsecount="1"/>
      <line num="373" count="7" type="stmt"/>
      <line num="376" count="7" type="stmt"/>
      <line num="377" count="35" type="cond" truecount="2" falsecount="0"/>
      <line num="380" count="7" type="stmt"/>
      <line num="381" count="14" type="cond" truecount="2" falsecount="0"/>
      <line num="384" count="13" type="stmt"/>
      <line num="385" count="13" type="cond" truecount="2" falsecount="0"/>
      <line num="386" count="3" type="stmt"/>
      <line num="387" count="3" type="stmt"/>
      <line num="403" count="5" type="stmt"/>
      <line num="408" count="13" type="cond" truecount="2" falsecount="2"/>
      <line num="409" count="0" type="stmt"/>
      <line num="410" count="0" type="cond" truecount="0" falsecount="2"/>
      <line num="411" count="0" type="stmt"/>
      <line num="412" count="0" type="stmt"/>
      <line num="428" count="0" type="stmt"/>
      <line num="435" count="7" type="stmt"/>
      <line num="436" count="35" type="cond" truecount="2" falsecount="0"/>
      <line num="437" count="35" type="cond" truecount="1" falsecount="1"/>
      <line num="438" count="35" type="cond" truecount="1" falsecount="1"/>
      <line num="439" count="35" type="stmt"/>
      <line num="442" count="7" type="stmt"/>
      <line num="443" count="7" type="cond" truecount="1" falsecount="1"/>
      <line num="445" count="7" type="stmt"/>
      <line num="446" count="7" type="cond" truecount="1" falsecount="1"/>
      <line num="447" count="0" type="stmt"/>
      <line num="448" count="0" type="stmt"/>
      <line num="464" count="0" type="stmt"/>
      <line num="470" count="35" type="cond" truecount="2" falsecount="0"/>
      <line num="472" count="7" type="stmt"/>
      <line num="473" count="3" type="cond" truecount="1" falsecount="1"/>
      <line num="475" count="3" type="stmt"/>
      <line num="476" count="3" type="cond" truecount="2" falsecount="0"/>
      <line num="477" count="1" type="stmt"/>
      <line num="478" count="1" type="stmt"/>
      <line num="494" count="2" type="stmt"/>
      <line num="500" count="7" type="stmt"/>
      <line num="510" count="1" type="stmt"/>
      <line num="514" count="5" type="stmt"/>
      <line num="515" count="26" type="stmt"/>
      <line num="517" count="5" type="cond" truecount="1" falsecount="1"/>
      <line num="518" count="0" type="stmt"/>
      <line num="522" count="5" type="stmt"/>
      <line num="523" count="5" type="stmt"/>
      <line num="524" count="5" type="stmt"/>
      <line num="526" count="5" type="stmt"/>
      <line num="527" count="26" type="cond" truecount="1" falsecount="1"/>
      <line num="528" count="26" type="stmt"/>
      <line num="529" count="26" type="stmt"/>
      <line num="530" count="26" type="cond" truecount="2" falsecount="0"/>
      <line num="531" count="5" type="stmt"/>
      <line num="536" count="5" type="cond" truecount="1" falsecount="1"/>
      <line num="537" count="5" type="stmt"/>
      <line num="540" count="5" type="stmt"/>
      <line num="541" count="26" type="cond" truecount="2" falsecount="0"/>
      <line num="544" count="5" type="stmt"/>
      <line num="545" count="11" type="cond" truecount="1" falsecount="1"/>
      <line num="548" count="11" type="stmt"/>
      <line num="549" count="11" type="cond" truecount="2" falsecount="0"/>
      <line num="550" count="3" type="stmt"/>
      <line num="553" count="3" type="stmt"/>
      <line num="554" count="5" type="cond" truecount="2" falsecount="0"/>
      <line num="555" count="5" type="stmt"/>
      <line num="556" count="3" type="stmt"/>
      <line num="557" count="3" type="stmt"/>
      <line num="559" count="3" type="stmt"/>
      <line num="578" count="5" type="stmt"/>
      <line num="583" count="11" type="cond" truecount="2" falsecount="0"/>
      <line num="584" count="2" type="stmt"/>
      <line num="585" count="6" type="cond" truecount="2" falsecount="0"/>
      <line num="586" count="6" type="stmt"/>
      <line num="587" count="2" type="stmt"/>
      <line num="589" count="2" type="cond" truecount="2" falsecount="0"/>
      <line num="591" count="0" type="stmt"/>
      <line num="593" count="1" type="stmt"/>
      <line num="594" count="1" type="stmt"/>
      <line num="611" count="3" type="stmt"/>
      <line num="618" count="5" type="stmt"/>
      <line num="619" count="26" type="cond" truecount="2" falsecount="0"/>
      <line num="620" count="26" type="cond" truecount="1" falsecount="1"/>
      <line num="621" count="26" type="cond" truecount="1" falsecount="1"/>
      <line num="622" count="26" type="stmt"/>
      <line num="625" count="5" type="stmt"/>
      <line num="626" count="5" type="cond" truecount="1" falsecount="1"/>
      <line num="628" count="5" type="stmt"/>
      <line num="629" count="5" type="cond" truecount="1" falsecount="1"/>
      <line num="630" count="0" type="stmt"/>
      <line num="632" count="0" type="stmt"/>
      <line num="633" count="0" type="cond" truecount="0" falsecount="2"/>
      <line num="634" count="0" type="stmt"/>
      <line num="635" count="0" type="stmt"/>
      <line num="637" count="0" type="stmt"/>
      <line num="654" count="0" type="stmt"/>
      <line num="660" count="5" type="stmt"/>
      <line num="670" count="1" type="stmt"/>
      <line num="674" count="7" type="stmt"/>
      <line num="675" count="7" type="stmt"/>
      <line num="676" count="44" type="stmt"/>
      <line num="677" count="41" type="stmt"/>
      <line num="679" count="7" type="cond" truecount="2" falsecount="0"/>
      <line num="680" count="3" type="stmt"/>
      <line num="684" count="4" type="stmt"/>
      <line num="686" count="4" type="stmt"/>
      <line num="687" count="32" type="stmt"/>
      <line num="688" count="32" type="stmt"/>
      <line num="689" count="32" type="stmt"/>
      <line num="690" count="32" type="stmt"/>
      <line num="692" count="32" type="cond" truecount="1" falsecount="1"/>
      <line num="693" count="32" type="stmt"/>
      <line num="695" count="32" type="stmt"/>
      <line num="699" count="4" type="stmt"/>
      <line num="700" count="28" type="stmt"/>
      <line num="703" count="4" type="cond" truecount="1" falsecount="1"/>
      <line num="704" count="0" type="stmt"/>
      <line num="708" count="4" type="stmt"/>
      <line num="710" count="4" type="stmt"/>
      <line num="711" count="32" type="stmt"/>
      <line num="712" count="32" type="stmt"/>
      <line num="713" count="32" type="stmt"/>
      <line num="714" count="32" type="cond" truecount="1" falsecount="1"/>
      <line num="715" count="32" type="stmt"/>
      <line num="716" count="32" type="stmt"/>
      <line num="720" count="32" type="cond" truecount="1" falsecount="1"/>
      <line num="721" count="32" type="stmt"/>
      <line num="729" count="4" type="cond" truecount="1" falsecount="1"/>
      <line num="731" count="4" type="stmt"/>
      <line num="732" count="4" type="stmt"/>
      <line num="733" count="4" type="stmt"/>
      <line num="736" count="16" type="stmt"/>
      <line num="738" count="16" type="stmt"/>
      <line num="740" count="4" type="stmt"/>
      <line num="741" count="4" type="stmt"/>
      <line num="743" count="4" type="cond" truecount="2" falsecount="0"/>
      <line num="744" count="16" type="stmt"/>
      <line num="745" count="2" type="stmt"/>
      <line num="759" count="4" type="stmt"/>
      <line num="761" count="4" type="stmt"/>
      <line num="762" count="32" type="stmt"/>
      <line num="763" count="32" type="stmt"/>
      <line num="764" count="32" type="cond" truecount="2" falsecount="0"/>
      <line num="765" count="8" type="stmt"/>
      <line num="769" count="32" type="cond" truecount="2" falsecount="0"/>
      <line num="770" count="8" type="stmt"/>
      <line num="771" count="8" type="cond" truecount="1" falsecount="1"/>
      <line num="772" count="8" type="stmt"/>
      <line num="781" count="4" type="cond" truecount="2" falsecount="0"/>
      <line num="782" count="1" type="stmt"/>
      <line num="783" count="1" type="stmt"/>
      <line num="784" count="1" type="stmt"/>
      <line num="787" count="4" type="stmt"/>
      <line num="789" count="4" type="stmt"/>
      <line num="791" count="1" type="stmt"/>
      <line num="792" count="1" type="stmt"/>
      <line num="794" count="1" type="cond" truecount="1" falsecount="1"/>
      <line num="795" count="1" type="stmt"/>
      <line num="796" count="8" type="stmt"/>
      <line num="797" count="8" type="stmt"/>
      <line num="798" count="1" type="stmt"/>
      <line num="812" count="4" type="stmt"/>
      <line num="822" count="1" type="stmt"/>
      <line num="828" count="7" type="stmt"/>
      <line num="831" count="7" type="stmt"/>
      <line num="832" count="4" type="cond" truecount="1" falsecount="1"/>
      <line num="834" count="4" type="cond" truecount="2" falsecount="0"/>
      <line num="835" count="2" type="stmt"/>
      <line num="853" count="4" type="cond" truecount="2" falsecount="0"/>
      <line num="854" count="2" type="stmt"/>
      <line num="868" count="7" type="stmt"/>
      <line num="869" count="1" type="stmt"/>
      <line num="871" count="1" type="stmt"/>
      <line num="884" count="7" type="cond" truecount="4" falsecount="0"/>
      <line num="885" count="1" type="stmt"/>
      <line num="886" count="1" type="stmt"/>
      <line num="899" count="7" type="stmt"/>
      <line num="900" count="7" type="stmt"/>
      <line num="901" count="1" type="stmt"/>
      <line num="912" count="1" type="stmt"/>
      <line num="917" count="9" type="stmt"/>
      <line num="918" count="23" type="stmt"/>
      <line num="921" count="9" type="stmt"/>
      <line num="922" count="9" type="stmt"/>
      <line num="923" count="19" type="cond" truecount="1" falsecount="1"/>
      <line num="924" count="19" type="stmt"/>
      <line num="929" count="19" type="stmt"/>
      <line num="930" count="9" type="stmt"/>
      <line num="935" count="9" type="stmt"/>
      <line num="938" count="9" type="stmt"/>
      <line num="939" count="9" type="cond" truecount="2" falsecount="0"/>
      <line num="940" count="9" type="cond" truecount="2" falsecount="0"/>
      <line num="941" count="9" type="cond" truecount="2" falsecount="0"/>
      <line num="942" count="9" type="cond" truecount="2" falsecount="0"/>
      <line num="946" count="9" type="stmt"/>
    </file>
  </project>
</coverage>
