{"/Users/ilie/Desktop/Dev/native/reticle2/components/insights/changeRules.ts": {"path":"/Users/ilie/Desktop/Dev/native/reticle2/components/insights/changeRules.ts","statementMap":{"0":{"start":{"line":77,"column":0},"end":{"line":77,"column":16}},"1":{"start":{"line":96,"column":0},"end":{"line":96,"column":16}},"2":{"start":{"line":110,"column":0},"end":{"line":110,"column":16}},"3":{"start":{"line":128,"column":0},"end":{"line":128,"column":16}},"4":{"start":{"line":148,"column":0},"end":{"line":148,"column":16}},"5":{"start":{"line":155,"column":0},"end":{"line":155,"column":16}},"6":{"start":{"line":164,"column":0},"end":{"line":164,"column":16}},"7":{"start":{"line":20,"column":13},"end":{"line":20,"column":38}},"8":{"start":{"line":26,"column":13},"end":{"line":26,"column":39}},"9":{"start":{"line":32,"column":13},"end":{"line":32,"column":41}},"10":{"start":{"line":42,"column":13},"end":{"line":42,"column":43}},"11":{"start":{"line":48,"column":13},"end":{"line":48,"column":48}},"12":{"start":{"line":54,"column":13},"end":{"line":54,"column":47}},"13":{"start":{"line":60,"column":13},"end":{"line":60,"column":45}},"14":{"start":{"line":66,"column":13},"end":{"line":66,"column":40}},"15":{"start":{"line":78,"column":2},"end":{"line":78,"column":51}},"16":{"start":{"line":78,"column":37},"end":{"line":78,"column":51}},"17":{"start":{"line":79,"column":2},"end":{"line":79,"column":52}},"18":{"start":{"line":79,"column":36},"end":{"line":79,"column":52}},"19":{"start":{"line":80,"column":2},"end":{"line":80,"column":15}},"20":{"start":{"line":97,"column":16},"end":{"line":97,"column":34}},"21":{"start":{"line":98,"column":24},"end":{"line":98,"column":68}},"22":{"start":{"line":100,"column":2},"end":{"line":104,"column":4}},"23":{"start":{"line":111,"column":2},"end":{"line":113,"column":3}},"24":{"start":{"line":112,"column":4},"end":{"line":112,"column":67}},"25":{"start":{"line":115,"column":23},"end":{"line":115,"column":62}},"26":{"start":{"line":116,"column":24},"end":{"line":116,"column":78}},"27":{"start":{"line":118,"column":2},"end":{"line":122,"column":4}},"28":{"start":{"line":129,"column":16},"end":{"line":129,"column":34}},"29":{"start":{"line":130,"column":24},"end":{"line":130,"column":68}},"30":{"start":{"line":133,"column":2},"end":{"line":137,"column":4}},"31":{"start":{"line":149,"column":2},"end":{"line":149,"column":46}},"32":{"start":{"line":149,"column":29},"end":{"line":149,"column":44}},"33":{"start":{"line":156,"column":15},"end":{"line":156,"column":35}},"34":{"start":{"line":157,"column":2},"end":{"line":157,"column":36}},"35":{"start":{"line":169,"column":2},"end":{"line":169,"column":54}},"36":{"start":{"line":169,"column":30},"end":{"line":169,"column":54}},"37":{"start":{"line":171,"column":17},"end":{"line":171,"column":73}},"38":{"start":{"line":172,"column":2},"end":{"line":172,"column":44}}},"fnMap":{"0":{"name":"getConfidence","decl":{"start":{"line":77,"column":16},"end":{"line":77,"column":29}},"loc":{"start":{"line":77,"column":61},"end":{"line":81,"column":1}}},"1":{"name":"detectAccuracyChange","decl":{"start":{"line":96,"column":16},"end":{"line":96,"column":36}},"loc":{"start":{"line":96,"column":70},"end":{"line":105,"column":1}}},"2":{"name":"detectVolumeChange","decl":{"start":{"line":110,"column":16},"end":{"line":110,"column":34}},"loc":{"start":{"line":110,"column":68},"end":{"line":123,"column":1}}},"3":{"name":"detectGroupingChange","decl":{"start":{"line":128,"column":16},"end":{"line":128,"column":36}},"loc":{"start":{"line":128,"column":70},"end":{"line":138,"column":1}}},"4":{"name":"shouldShowExplain","decl":{"start":{"line":148,"column":16},"end":{"line":148,"column":33}},"loc":{"start":{"line":148,"column":57},"end":{"line":150,"column":1}}},"5":{"name":"(anonymous_5)","decl":{"start":{"line":149,"column":22},"end":{"line":149,"column":23}},"loc":{"start":{"line":149,"column":29},"end":{"line":149,"column":44}}},"6":{"name":"formatDelta","decl":{"start":{"line":155,"column":16},"end":{"line":155,"column":27}},"loc":{"start":{"line":155,"column":63},"end":{"line":158,"column":1}}},"7":{"name":"getDeltaColor","decl":{"start":{"line":164,"column":16},"end":{"line":164,"column":29}},"loc":{"start":{"line":167,"column":31},"end":{"line":173,"column":1}}}},"branchMap":{"0":{"loc":{"start":{"line":78,"column":2},"end":{"line":78,"column":51}},"type":"if","locations":[{"start":{"line":78,"column":2},"end":{"line":78,"column":51}},{"start":{},"end":{}}]},"1":{"loc":{"start":{"line":78,"column":6},"end":{"line":78,"column":35}},"type":"binary-expr","locations":[{"start":{"line":78,"column":6},"end":{"line":78,"column":18}},{"start":{"line":78,"column":22},"end":{"line":78,"column":35}}]},"2":{"loc":{"start":{"line":79,"column":2},"end":{"line":79,"column":52}},"type":"if","locations":[{"start":{"line":79,"column":2},"end":{"line":79,"column":52}},{"start":{},"end":{}}]},"3":{"loc":{"start":{"line":79,"column":6},"end":{"line":79,"column":34}},"type":"binary-expr","locations":[{"start":{"line":79,"column":6},"end":{"line":79,"column":17}},{"start":{"line":79,"column":21},"end":{"line":79,"column":34}}]},"4":{"loc":{"start":{"line":103,"column":15},"end":{"line":103,"column":69}},"type":"cond-expr","locations":[{"start":{"line":103,"column":32},"end":{"line":103,"column":57}},{"start":{"line":103,"column":61},"end":{"line":103,"column":69}}]},"5":{"loc":{"start":{"line":103,"column":32},"end":{"line":103,"column":57}},"type":"cond-expr","locations":[{"start":{"line":103,"column":44},"end":{"line":103,"column":48}},{"start":{"line":103,"column":51},"end":{"line":103,"column":57}}]},"6":{"loc":{"start":{"line":111,"column":2},"end":{"line":113,"column":3}},"type":"if","locations":[{"start":{"line":111,"column":2},"end":{"line":113,"column":3}},{"start":{},"end":{}}]},"7":{"loc":{"start":{"line":121,"column":15},"end":{"line":121,"column":76}},"type":"cond-expr","locations":[{"start":{"line":121,"column":32},"end":{"line":121,"column":64}},{"start":{"line":121,"column":68},"end":{"line":121,"column":76}}]},"8":{"loc":{"start":{"line":121,"column":32},"end":{"line":121,"column":64}},"type":"cond-expr","locations":[{"start":{"line":121,"column":51},"end":{"line":121,"column":55}},{"start":{"line":121,"column":58},"end":{"line":121,"column":64}}]},"9":{"loc":{"start":{"line":136,"column":15},"end":{"line":136,"column":69}},"type":"cond-expr","locations":[{"start":{"line":136,"column":32},"end":{"line":136,"column":57}},{"start":{"line":136,"column":61},"end":{"line":136,"column":69}}]},"10":{"loc":{"start":{"line":136,"column":32},"end":{"line":136,"column":57}},"type":"cond-expr","locations":[{"start":{"line":136,"column":44},"end":{"line":136,"column":48}},{"start":{"line":136,"column":51},"end":{"line":136,"column":57}}]},"11":{"loc":{"start":{"line":155,"column":43},"end":{"line":155,"column":63}},"type":"default-arg","locations":[{"start":{"line":155,"column":60},"end":{"line":155,"column":63}}]},"12":{"loc":{"start":{"line":156,"column":15},"end":{"line":156,"column":35}},"type":"cond-expr","locations":[{"start":{"line":156,"column":27},"end":{"line":156,"column":30}},{"start":{"line":156,"column":33},"end":{"line":156,"column":35}}]},"13":{"loc":{"start":{"line":167,"column":2},"end":{"line":167,"column":31}},"type":"default-arg","locations":[{"start":{"line":167,"column":26},"end":{"line":167,"column":31}}]},"14":{"loc":{"start":{"line":169,"column":2},"end":{"line":169,"column":54}},"type":"if","locations":[{"start":{"line":169,"column":2},"end":{"line":169,"column":54}},{"start":{},"end":{}}]},"15":{"loc":{"start":{"line":171,"column":17},"end":{"line":171,"column":73}},"type":"cond-expr","locations":[{"start":{"line":171,"column":32},"end":{"line":171,"column":52}},{"start":{"line":171,"column":55},"end":{"line":171,"column":73}}]},"16":{"loc":{"start":{"line":172,"column":9},"end":{"line":172,"column":43}},"type":"cond-expr","locations":[{"start":{"line":172,"column":18},"end":{"line":172,"column":30}},{"start":{"line":172,"column":33},"end":{"line":172,"column":43}}]}},"s":{"0":1,"1":1,"2":1,"3":1,"4":1,"5":1,"6":1,"7":1,"8":1,"9":1,"10":1,"11":1,"12":1,"13":1,"14":1,"15":8,"16":0,"17":8,"18":1,"19":7,"20":0,"21":0,"22":0,"23":0,"24":0,"25":0,"26":0,"27":0,"28":0,"29":0,"30":0,"31":0,"32":0,"33":0,"34":0,"35":0,"36":0,"37":0,"38":0},"f":{"0":8,"1":0,"2":0,"3":0,"4":0,"5":0,"6":0,"7":0},"b":{"0":[0,8],"1":[8,0],"2":[1,7],"3":[8,6],"4":[0,0],"5":[0,0],"6":[0,0],"7":[0,0],"8":[0,0],"9":[0,0],"10":[0,0],"11":[0],"12":[0,0],"13":[0],"14":[0,0],"15":[0,0],"16":[0,0]}}
,"/Users/ilie/Desktop/Dev/native/reticle2/components/insights/insights.engine.ts": {"path":"/Users/ilie/Desktop/Dev/native/reticle2/components/insights/insights.engine.ts","statementMap":{"0":{"start":{"line":126,"column":0},"end":{"line":126,"column":16}},"1":{"start":{"line":203,"column":0},"end":{"line":203,"column":16}},"2":{"start":{"line":346,"column":0},"end":{"line":346,"column":16}},"3":{"start":{"line":510,"column":0},"end":{"line":510,"column":16}},"4":{"start":{"line":670,"column":0},"end":{"line":670,"column":16}},"5":{"start":{"line":822,"column":0},"end":{"line":822,"column":16}},"6":{"start":{"line":912,"column":0},"end":{"line":912,"column":16}},"7":{"start":{"line":10,"column":0},"end":{"line":10,"column":null}},"8":{"start":{"line":18,"column":0},"end":{"line":18,"column":null}},"9":{"start":{"line":38,"column":34},"end":{"line":38,"column":35}},"10":{"start":{"line":39,"column":31},"end":{"line":39,"column":33}},"11":{"start":{"line":40,"column":27},"end":{"line":40,"column":30}},"12":{"start":{"line":41,"column":27},"end":{"line":41,"column":28}},"13":{"start":{"line":51,"column":2},"end":{"line":51,"column":39}},"14":{"start":{"line":51,"column":27},"end":{"line":51,"column":39}},"15":{"start":{"line":52,"column":17},"end":{"line":52,"column":50}},"16":{"start":{"line":52,"column":44},"end":{"line":52,"column":49}},"17":{"start":{"line":53,"column":14},"end":{"line":53,"column":43}},"18":{"start":{"line":54,"column":2},"end":{"line":56,"column":42}},"19":{"start":{"line":63,"column":2},"end":{"line":63,"column":34}},"20":{"start":{"line":63,"column":25},"end":{"line":63,"column":34}},"21":{"start":{"line":64,"column":14},"end":{"line":64,"column":63}},"22":{"start":{"line":64,"column":38},"end":{"line":64,"column":43}},"23":{"start":{"line":65,"column":22},"end":{"line":65,"column":61}},"24":{"start":{"line":65,"column":40},"end":{"line":65,"column":60}},"25":{"start":{"line":66,"column":2},"end":{"line":66,"column":75}},"26":{"start":{"line":66,"column":48},"end":{"line":66,"column":53}},"27":{"start":{"line":73,"column":2},"end":{"line":73,"column":34}},"28":{"start":{"line":73,"column":25},"end":{"line":73,"column":34}},"29":{"start":{"line":74,"column":14},"end":{"line":74,"column":63}},"30":{"start":{"line":74,"column":38},"end":{"line":74,"column":43}},"31":{"start":{"line":75,"column":2},"end":{"line":75,"column":26}},"32":{"start":{"line":75,"column":17},"end":{"line":75,"column":26}},"33":{"start":{"line":76,"column":2},"end":{"line":76,"column":41}},"34":{"start":{"line":83,"column":2},"end":{"line":83,"column":37}},"35":{"start":{"line":83,"column":25},"end":{"line":83,"column":37}},"36":{"start":{"line":84,"column":2},"end":{"line":88,"column":3}},"37":{"start":{"line":85,"column":4},"end":{"line":87,"column":5}},"38":{"start":{"line":86,"column":6},"end":{"line":86,"column":17}},"39":{"start":{"line":89,"column":2},"end":{"line":89,"column":14}},"40":{"start":{"line":96,"column":2},"end":{"line":96,"column":40}},"41":{"start":{"line":108,"column":16},"end":{"line":108,"column":34}},"42":{"start":{"line":109,"column":24},"end":{"line":109,"column":52}},"43":{"start":{"line":111,"column":35},"end":{"line":111,"column":43}},"44":{"start":{"line":112,"column":2},"end":{"line":114,"column":3}},"45":{"start":{"line":113,"column":4},"end":{"line":113,"column":87}},"46":{"start":{"line":116,"column":2},"end":{"line":116,"column":45}},"47":{"start":{"line":130,"column":2},"end":{"line":193,"column":5}},"48":{"start":{"line":132,"column":4},"end":{"line":145,"column":5}},"49":{"start":{"line":133,"column":18},"end":{"line":133,"column":28}},"50":{"start":{"line":134,"column":26},"end":{"line":134,"column":54}},"51":{"start":{"line":135,"column":19},"end":{"line":140,"column":21}},"52":{"start":{"line":141,"column":6},"end":{"line":144,"column":7}},"53":{"start":{"line":142,"column":23},"end":{"line":142,"column":75}},"54":{"start":{"line":143,"column":8},"end":{"line":143,"column":47}},"55":{"start":{"line":143,"column":34},"end":{"line":143,"column":47}},"56":{"start":{"line":148,"column":4},"end":{"line":150,"column":5}},"57":{"start":{"line":149,"column":6},"end":{"line":149,"column":19}},"58":{"start":{"line":153,"column":4},"end":{"line":155,"column":5}},"59":{"start":{"line":154,"column":6},"end":{"line":154,"column":19}},"60":{"start":{"line":158,"column":4},"end":{"line":160,"column":5}},"61":{"start":{"line":159,"column":6},"end":{"line":159,"column":19}},"62":{"start":{"line":163,"column":4},"end":{"line":166,"column":5}},"63":{"start":{"line":164,"column":30},"end":{"line":164,"column":75}},"64":{"start":{"line":165,"column":6},"end":{"line":165,"column":61}},"65":{"start":{"line":165,"column":48},"end":{"line":165,"column":61}},"66":{"start":{"line":169,"column":4},"end":{"line":173,"column":5}},"67":{"start":{"line":170,"column":23},"end":{"line":170,"column":88}},"68":{"start":{"line":171,"column":21},"end":{"line":171,"column":56}},"69":{"start":{"line":172,"column":6},"end":{"line":172,"column":52}},"70":{"start":{"line":172,"column":39},"end":{"line":172,"column":52}},"71":{"start":{"line":176,"column":4},"end":{"line":185,"column":5}},"72":{"start":{"line":177,"column":24},"end":{"line":177,"column":56}},"73":{"start":{"line":178,"column":6},"end":{"line":178,"column":85}},"74":{"start":{"line":178,"column":72},"end":{"line":178,"column":85}},"75":{"start":{"line":179,"column":6},"end":{"line":179,"column":89}},"76":{"start":{"line":179,"column":76},"end":{"line":179,"column":89}},"77":{"start":{"line":180,"column":6},"end":{"line":184,"column":7}},"78":{"start":{"line":182,"column":29},"end":{"line":182,"column":77}},"79":{"start":{"line":183,"column":8},"end":{"line":183,"column":40}},"80":{"start":{"line":183,"column":27},"end":{"line":183,"column":40}},"81":{"start":{"line":188,"column":4},"end":{"line":190,"column":5}},"82":{"start":{"line":189,"column":6},"end":{"line":189,"column":19}},"83":{"start":{"line":192,"column":4},"end":{"line":192,"column":16}},"84":{"start":{"line":204,"column":20},"end":{"line":204,"column":68}},"85":{"start":{"line":204,"column":43},"end":{"line":204,"column":67}},"86":{"start":{"line":205,"column":33},"end":{"line":205,"column":35}},"87":{"start":{"line":208,"column":19},"end":{"line":208,"column":20}},"88":{"start":{"line":209,"column":18},"end":{"line":209,"column":19}},"89":{"start":{"line":210,"column":32},"end":{"line":210,"column":34}},"90":{"start":{"line":211,"column":31},"end":{"line":211,"column":33}},"91":{"start":{"line":212,"column":31},"end":{"line":212,"column":33}},"92":{"start":{"line":214,"column":2},"end":{"line":226,"column":5}},"93":{"start":{"line":215,"column":4},"end":{"line":215,"column":26}},"94":{"start":{"line":216,"column":4},"end":{"line":225,"column":5}},"95":{"start":{"line":217,"column":6},"end":{"line":217,"column":40}},"96":{"start":{"line":218,"column":6},"end":{"line":218,"column":38}},"97":{"start":{"line":219,"column":6},"end":{"line":221,"column":7}},"98":{"start":{"line":220,"column":8},"end":{"line":220,"column":53}},"99":{"start":{"line":222,"column":6},"end":{"line":224,"column":7}},"100":{"start":{"line":223,"column":8},"end":{"line":223,"column":74}},"101":{"start":{"line":229,"column":2},"end":{"line":235,"column":5}},"102":{"start":{"line":238,"column":2},"end":{"line":244,"column":5}},"103":{"start":{"line":247,"column":25},"end":{"line":247,"column":43}},"104":{"start":{"line":248,"column":2},"end":{"line":257,"column":3}},"105":{"start":{"line":249,"column":4},"end":{"line":256,"column":7}},"106":{"start":{"line":260,"column":27},"end":{"line":260,"column":46}},"107":{"start":{"line":261,"column":2},"end":{"line":272,"column":3}},"108":{"start":{"line":262,"column":4},"end":{"line":271,"column":7}},"109":{"start":{"line":268,"column":18},"end":{"line":268,"column":58}},"110":{"start":{"line":268,"column":43},"end":{"line":268,"column":57}},"111":{"start":{"line":269,"column":8},"end":{"line":269,"column":52}},"112":{"start":{"line":275,"column":26},"end":{"line":275,"column":89}},"113":{"start":{"line":276,"column":2},"end":{"line":282,"column":5}},"114":{"start":{"line":284,"column":2},"end":{"line":284,"column":16}},"115":{"start":{"line":298,"column":17},"end":{"line":298,"column":49}},"116":{"start":{"line":300,"column":2},"end":{"line":328,"column":5}},"117":{"start":{"line":301,"column":21},"end":{"line":301,"column":40}},"118":{"start":{"line":302,"column":4},"end":{"line":302,"column":26}},"119":{"start":{"line":302,"column":19},"end":{"line":302,"column":26}},"120":{"start":{"line":304,"column":4},"end":{"line":316,"column":5}},"121":{"start":{"line":305,"column":6},"end":{"line":315,"column":9}},"122":{"start":{"line":318,"column":18},"end":{"line":318,"column":39}},"123":{"start":{"line":319,"column":4},"end":{"line":319,"column":33}},"124":{"start":{"line":321,"column":4},"end":{"line":327,"column":5}},"125":{"start":{"line":322,"column":6},"end":{"line":322,"column":47}},"126":{"start":{"line":323,"column":6},"end":{"line":323,"column":45}},"127":{"start":{"line":324,"column":6},"end":{"line":326,"column":7}},"128":{"start":{"line":325,"column":8},"end":{"line":325,"column":65}},"129":{"start":{"line":331,"column":2},"end":{"line":338,"column":5}},"130":{"start":{"line":332,"column":4},"end":{"line":332,"column":76}},"131":{"start":{"line":333,"column":4},"end":{"line":336,"column":15}},"132":{"start":{"line":335,"column":45},"end":{"line":335,"column":50}},"133":{"start":{"line":337,"column":4},"end":{"line":337,"column":55}},"134":{"start":{"line":340,"column":2},"end":{"line":340,"column":16}},"135":{"start":{"line":350,"column":36},"end":{"line":350,"column":38}},"136":{"start":{"line":351,"column":20},"end":{"line":351,"column":68}},"137":{"start":{"line":351,"column":43},"end":{"line":351,"column":67}},"138":{"start":{"line":353,"column":2},"end":{"line":355,"column":3}},"139":{"start":{"line":354,"column":4},"end":{"line":354,"column":21}},"140":{"start":{"line":358,"column":22},"end":{"line":358,"column":23}},"141":{"start":{"line":359,"column":21},"end":{"line":359,"column":22}},"142":{"start":{"line":360,"column":40},"end":{"line":360,"column":42}},"143":{"start":{"line":362,"column":2},"end":{"line":370,"column":5}},"144":{"start":{"line":363,"column":4},"end":{"line":369,"column":5}},"145":{"start":{"line":364,"column":6},"end":{"line":364,"column":43}},"146":{"start":{"line":365,"column":6},"end":{"line":365,"column":41}},"147":{"start":{"line":366,"column":6},"end":{"line":368,"column":7}},"148":{"start":{"line":367,"column":8},"end":{"line":367,"column":61}},"149":{"start":{"line":372,"column":27},"end":{"line":372,"column":87}},"150":{"start":{"line":373,"column":35},"end":{"line":373,"column":62}},"151":{"start":{"line":376,"column":21},"end":{"line":377,"column":null}},"152":{"start":{"line":377,"column":4},"end":{"line":377,"column":51}},"153":{"start":{"line":380,"column":2},"end":{"line":432,"column":5}},"154":{"start":{"line":381,"column":4},"end":{"line":381,"column":53}},"155":{"start":{"line":381,"column":46},"end":{"line":381,"column":53}},"156":{"start":{"line":384,"column":26},"end":{"line":384,"column":59}},"157":{"start":{"line":385,"column":4},"end":{"line":405,"column":5}},"158":{"start":{"line":386,"column":25},"end":{"line":386,"column":80}},"159":{"start":{"line":387,"column":6},"end":{"line":404,"column":9}},"160":{"start":{"line":403,"column":47},"end":{"line":403,"column":51}},"161":{"start":{"line":408,"column":4},"end":{"line":431,"column":5}},"162":{"start":{"line":409,"column":30},"end":{"line":409,"column":79}},"163":{"start":{"line":410,"column":6},"end":{"line":430,"column":7}},"164":{"start":{"line":411,"column":27},"end":{"line":411,"column":82}},"165":{"start":{"line":412,"column":8},"end":{"line":429,"column":11}},"166":{"start":{"line":428,"column":49},"end":{"line":428,"column":53}},"167":{"start":{"line":435,"column":21},"end":{"line":440,"column":4}},"168":{"start":{"line":436,"column":21},"end":{"line":436,"column":74}},"169":{"start":{"line":437,"column":19},"end":{"line":437,"column":54}},"170":{"start":{"line":438,"column":4},"end":{"line":438,"column":29}},"171":{"start":{"line":438,"column":17},"end":{"line":438,"column":29}},"172":{"start":{"line":439,"column":4},"end":{"line":439,"column":80}},"173":{"start":{"line":442,"column":2},"end":{"line":467,"column":5}},"174":{"start":{"line":443,"column":4},"end":{"line":443,"column":53}},"175":{"start":{"line":443,"column":46},"end":{"line":443,"column":53}},"176":{"start":{"line":445,"column":26},"end":{"line":445,"column":59}},"177":{"start":{"line":446,"column":4},"end":{"line":466,"column":5}},"178":{"start":{"line":447,"column":25},"end":{"line":447,"column":80}},"179":{"start":{"line":448,"column":6},"end":{"line":465,"column":9}},"180":{"start":{"line":464,"column":47},"end":{"line":464,"column":51}},"181":{"start":{"line":470,"column":19},"end":{"line":470,"column":75}},"182":{"start":{"line":470,"column":53},"end":{"line":470,"column":74}},"183":{"start":{"line":472,"column":2},"end":{"line":497,"column":5}},"184":{"start":{"line":473,"column":4},"end":{"line":473,"column":53}},"185":{"start":{"line":473,"column":46},"end":{"line":473,"column":53}},"186":{"start":{"line":475,"column":26},"end":{"line":475,"column":59}},"187":{"start":{"line":476,"column":4},"end":{"line":496,"column":5}},"188":{"start":{"line":477,"column":25},"end":{"line":477,"column":80}},"189":{"start":{"line":478,"column":6},"end":{"line":495,"column":9}},"190":{"start":{"line":494,"column":47},"end":{"line":494,"column":51}},"191":{"start":{"line":500,"column":2},"end":{"line":500,"column":87}},"192":{"start":{"line":500,"column":34},"end":{"line":500,"column":85}},"193":{"start":{"line":514,"column":37},"end":{"line":514,"column":39}},"194":{"start":{"line":515,"column":20},"end":{"line":515,"column":68}},"195":{"start":{"line":515,"column":43},"end":{"line":515,"column":67}},"196":{"start":{"line":517,"column":2},"end":{"line":519,"column":3}},"197":{"start":{"line":518,"column":4},"end":{"line":518,"column":22}},"198":{"start":{"line":522,"column":22},"end":{"line":522,"column":23}},"199":{"start":{"line":523,"column":21},"end":{"line":523,"column":22}},"200":{"start":{"line":524,"column":40},"end":{"line":524,"column":42}},"201":{"start":{"line":526,"column":2},"end":{"line":534,"column":5}},"202":{"start":{"line":527,"column":4},"end":{"line":533,"column":5}},"203":{"start":{"line":528,"column":6},"end":{"line":528,"column":43}},"204":{"start":{"line":529,"column":6},"end":{"line":529,"column":41}},"205":{"start":{"line":530,"column":6},"end":{"line":532,"column":7}},"206":{"start":{"line":531,"column":8},"end":{"line":531,"column":61}},"207":{"start":{"line":536,"column":27},"end":{"line":536,"column":87}},"208":{"start":{"line":537,"column":35},"end":{"line":537,"column":62}},"209":{"start":{"line":540,"column":21},"end":{"line":541,"column":null}},"210":{"start":{"line":541,"column":4},"end":{"line":541,"column":51}},"211":{"start":{"line":544,"column":2},"end":{"line":615,"column":5}},"212":{"start":{"line":545,"column":4},"end":{"line":545,"column":53}},"213":{"start":{"line":545,"column":46},"end":{"line":545,"column":53}},"214":{"start":{"line":548,"column":26},"end":{"line":548,"column":59}},"215":{"start":{"line":549,"column":4},"end":{"line":580,"column":5}},"216":{"start":{"line":550,"column":25},"end":{"line":550,"column":80}},"217":{"start":{"line":553,"column":32},"end":{"line":555,"column":71}},"218":{"start":{"line":554,"column":23},"end":{"line":554,"column":57}},"219":{"start":{"line":555,"column":20},"end":{"line":555,"column":70}},"220":{"start":{"line":556,"column":23},"end":{"line":556,"column":64}},"221":{"start":{"line":557,"column":30},"end":{"line":557,"column":60}},"222":{"start":{"line":559,"column":6},"end":{"line":579,"column":9}},"223":{"start":{"line":578,"column":47},"end":{"line":578,"column":51}},"224":{"start":{"line":583,"column":4},"end":{"line":614,"column":5}},"225":{"start":{"line":584,"column":32},"end":{"line":586,"column":71}},"226":{"start":{"line":585,"column":23},"end":{"line":585,"column":57}},"227":{"start":{"line":586,"column":20},"end":{"line":586,"column":70}},"228":{"start":{"line":587,"column":23},"end":{"line":587,"column":64}},"229":{"start":{"line":589,"column":6},"end":{"line":613,"column":7}},"230":{"start":{"line":591,"column":32},"end":{"line":591,"column":72}},"231":{"start":{"line":593,"column":27},"end":{"line":593,"column":82}},"232":{"start":{"line":594,"column":8},"end":{"line":612,"column":11}},"233":{"start":{"line":611,"column":49},"end":{"line":611,"column":53}},"234":{"start":{"line":618,"column":21},"end":{"line":623,"column":4}},"235":{"start":{"line":619,"column":21},"end":{"line":619,"column":74}},"236":{"start":{"line":620,"column":19},"end":{"line":620,"column":54}},"237":{"start":{"line":621,"column":4},"end":{"line":621,"column":29}},"238":{"start":{"line":621,"column":17},"end":{"line":621,"column":29}},"239":{"start":{"line":622,"column":4},"end":{"line":622,"column":80}},"240":{"start":{"line":625,"column":2},"end":{"line":657,"column":5}},"241":{"start":{"line":626,"column":4},"end":{"line":626,"column":53}},"242":{"start":{"line":626,"column":46},"end":{"line":626,"column":53}},"243":{"start":{"line":628,"column":26},"end":{"line":628,"column":59}},"244":{"start":{"line":629,"column":4},"end":{"line":656,"column":5}},"245":{"start":{"line":630,"column":25},"end":{"line":630,"column":80}},"246":{"start":{"line":632,"column":32},"end":{"line":634,"column":71}},"247":{"start":{"line":633,"column":23},"end":{"line":633,"column":57}},"248":{"start":{"line":634,"column":20},"end":{"line":634,"column":70}},"249":{"start":{"line":635,"column":23},"end":{"line":635,"column":64}},"250":{"start":{"line":637,"column":6},"end":{"line":655,"column":9}},"251":{"start":{"line":654,"column":47},"end":{"line":654,"column":51}},"252":{"start":{"line":660,"column":2},"end":{"line":660,"column":68}},"253":{"start":{"line":660,"column":35},"end":{"line":660,"column":66}},"254":{"start":{"line":674,"column":30},"end":{"line":674,"column":32}},"255":{"start":{"line":675,"column":20},"end":{"line":677,"column":88}},"256":{"start":{"line":676,"column":19},"end":{"line":676,"column":43}},"257":{"start":{"line":677,"column":20},"end":{"line":677,"column":87}},"258":{"start":{"line":679,"column":2},"end":{"line":681,"column":3}},"259":{"start":{"line":680,"column":4},"end":{"line":680,"column":18}},"260":{"start":{"line":684,"column":21},"end":{"line":684,"column":60}},"261":{"start":{"line":686,"column":2},"end":{"line":696,"column":5}},"262":{"start":{"line":687,"column":17},"end":{"line":687,"column":45}},"263":{"start":{"line":688,"column":22},"end":{"line":688,"column":36}},"264":{"start":{"line":689,"column":4},"end":{"line":689,"column":54}},"265":{"start":{"line":690,"column":20},"end":{"line":690,"column":57}},"266":{"start":{"line":692,"column":4},"end":{"line":694,"column":5}},"267":{"start":{"line":693,"column":6},"end":{"line":693,"column":34}},"268":{"start":{"line":695,"column":4},"end":{"line":695,"column":43}},"269":{"start":{"line":699,"column":22},"end":{"line":700,"column":null}},"270":{"start":{"line":700,"column":14},"end":{"line":700,"column":65}},"271":{"start":{"line":703,"column":2},"end":{"line":705,"column":3}},"272":{"start":{"line":704,"column":4},"end":{"line":704,"column":18}},"273":{"start":{"line":708,"column":47},"end":{"line":708,"column":49}},"274":{"start":{"line":710,"column":2},"end":{"line":727,"column":5}},"275":{"start":{"line":711,"column":16},"end":{"line":711,"column":17}},"276":{"start":{"line":712,"column":15},"end":{"line":712,"column":16}},"277":{"start":{"line":713,"column":4},"end":{"line":718,"column":7}},"278":{"start":{"line":714,"column":6},"end":{"line":717,"column":7}},"279":{"start":{"line":715,"column":8},"end":{"line":715,"column":37}},"280":{"start":{"line":716,"column":8},"end":{"line":716,"column":35}},"281":{"start":{"line":720,"column":4},"end":{"line":726,"column":5}},"282":{"start":{"line":721,"column":6},"end":{"line":725,"column":9}},"283":{"start":{"line":729,"column":2},"end":{"line":756,"column":3}},"284":{"start":{"line":731,"column":21},"end":{"line":731,"column":62}},"285":{"start":{"line":732,"column":22},"end":{"line":732,"column":59}},"286":{"start":{"line":733,"column":23},"end":{"line":733,"column":57}},"287":{"start":{"line":736,"column":6},"end":{"line":736,"column":71}},"288":{"start":{"line":736,"column":35},"end":{"line":736,"column":48}},"289":{"start":{"line":738,"column":6},"end":{"line":738,"column":73}},"290":{"start":{"line":738,"column":36},"end":{"line":738,"column":49}},"291":{"start":{"line":740,"column":18},"end":{"line":740,"column":38}},"292":{"start":{"line":741,"column":26},"end":{"line":741,"column":70}},"293":{"start":{"line":743,"column":4},"end":{"line":755,"column":5}},"294":{"start":{"line":744,"column":28},"end":{"line":744,"column":54}},"295":{"start":{"line":744,"column":49},"end":{"line":744,"column":53}},"296":{"start":{"line":745,"column":6},"end":{"line":754,"column":9}},"297":{"start":{"line":759,"column":47},"end":{"line":759,"column":49}},"298":{"start":{"line":761,"column":2},"end":{"line":779,"column":5}},"299":{"start":{"line":762,"column":34},"end":{"line":762,"column":36}},"300":{"start":{"line":763,"column":4},"end":{"line":767,"column":7}},"301":{"start":{"line":764,"column":6},"end":{"line":766,"column":7}},"302":{"start":{"line":765,"column":8},"end":{"line":765,"column":53}},"303":{"start":{"line":769,"column":4},"end":{"line":778,"column":5}},"304":{"start":{"line":770,"column":25},"end":{"line":770,"column":44}},"305":{"start":{"line":771,"column":6},"end":{"line":777,"column":7}},"306":{"start":{"line":772,"column":8},"end":{"line":776,"column":11}},"307":{"start":{"line":781,"column":2},"end":{"line":810,"column":3}},"308":{"start":{"line":782,"column":21},"end":{"line":782,"column":62}},"309":{"start":{"line":783,"column":22},"end":{"line":783,"column":59}},"310":{"start":{"line":784,"column":23},"end":{"line":784,"column":57}},"311":{"start":{"line":787,"column":6},"end":{"line":787,"column":71}},"312":{"start":{"line":787,"column":35},"end":{"line":787,"column":48}},"313":{"start":{"line":789,"column":6},"end":{"line":789,"column":73}},"314":{"start":{"line":789,"column":36},"end":{"line":789,"column":49}},"315":{"start":{"line":791,"column":18},"end":{"line":791,"column":38}},"316":{"start":{"line":792,"column":26},"end":{"line":792,"column":70}},"317":{"start":{"line":794,"column":4},"end":{"line":809,"column":5}},"318":{"start":{"line":795,"column":28},"end":{"line":797,"column":25}},"319":{"start":{"line":796,"column":23},"end":{"line":796,"column":58}},"320":{"start":{"line":797,"column":20},"end":{"line":797,"column":24}},"321":{"start":{"line":798,"column":6},"end":{"line":808,"column":9}},"322":{"start":{"line":812,"column":2},"end":{"line":812,"column":16}},"323":{"start":{"line":828,"column":44},"end":{"line":828,"column":46}},"324":{"start":{"line":831,"column":2},"end":{"line":865,"column":5}},"325":{"start":{"line":832,"column":4},"end":{"line":832,"column":27}},"326":{"start":{"line":832,"column":20},"end":{"line":832,"column":27}},"327":{"start":{"line":834,"column":4},"end":{"line":851,"column":5}},"328":{"start":{"line":835,"column":6},"end":{"line":850,"column":9}},"329":{"start":{"line":853,"column":4},"end":{"line":864,"column":5}},"330":{"start":{"line":854,"column":6},"end":{"line":863,"column":9}},"331":{"start":{"line":868,"column":2},"end":{"line":881,"column":7}},"332":{"start":{"line":869,"column":19},"end":{"line":869,"column":46}},"333":{"start":{"line":871,"column":6},"end":{"line":880,"column":9}},"334":{"start":{"line":884,"column":2},"end":{"line":896,"column":3}},"335":{"start":{"line":885,"column":24},"end":{"line":885,"column":36}},"336":{"start":{"line":886,"column":4},"end":{"line":895,"column":7}},"337":{"start":{"line":899,"column":24},"end":{"line":899,"column":54}},"338":{"start":{"line":900,"column":2},"end":{"line":902,"column":4}},"339":{"start":{"line":901,"column":14},"end":{"line":901,"column":67}},"340":{"start":{"line":917,"column":19},"end":{"line":917,"column":53}},"341":{"start":{"line":918,"column":20},"end":{"line":918,"column":68}},"342":{"start":{"line":918,"column":43},"end":{"line":918,"column":67}},"343":{"start":{"line":921,"column":19},"end":{"line":921,"column":20}},"344":{"start":{"line":922,"column":2},"end":{"line":926,"column":5}},"345":{"start":{"line":923,"column":4},"end":{"line":925,"column":5}},"346":{"start":{"line":924,"column":6},"end":{"line":924,"column":40}},"347":{"start":{"line":929,"column":16},"end":{"line":929,"column":70}},"348":{"start":{"line":929,"column":37},"end":{"line":929,"column":69}},"349":{"start":{"line":930,"column":20},"end":{"line":933,"column":4}},"350":{"start":{"line":935,"column":24},"end":{"line":935,"column":69}},"351":{"start":{"line":938,"column":17},"end":{"line":938,"column":40}},"352":{"start":{"line":939,"column":20},"end":{"line":939,"column":76}},"353":{"start":{"line":940,"column":21},"end":{"line":940,"column":78}},"354":{"start":{"line":941,"column":17},"end":{"line":941,"column":70}},"355":{"start":{"line":942,"column":26},"end":{"line":944,"column":8}},"356":{"start":{"line":946,"column":2},"end":{"line":958,"column":4}}},"fnMap":{"0":{"name":"median","decl":{"start":{"line":50,"column":9},"end":{"line":50,"column":15}},"loc":{"start":{"line":50,"column":32},"end":{"line":57,"column":1}}},"1":{"name":"(anonymous_1)","decl":{"start":{"line":52,"column":34},"end":{"line":52,"column":35}},"loc":{"start":{"line":52,"column":44},"end":{"line":52,"column":49}}},"2":{"name":"standardDeviation","decl":{"start":{"line":62,"column":9},"end":{"line":62,"column":26}},"loc":{"start":{"line":62,"column":43},"end":{"line":67,"column":1}}},"3":{"name":"(anonymous_3)","decl":{"start":{"line":64,"column":28},"end":{"line":64,"column":29}},"loc":{"start":{"line":64,"column":38},"end":{"line":64,"column":43}}},"4":{"name":"(anonymous_4)","decl":{"start":{"line":65,"column":33},"end":{"line":65,"column":34}},"loc":{"start":{"line":65,"column":40},"end":{"line":65,"column":60}}},"5":{"name":"(anonymous_5)","decl":{"start":{"line":66,"column":38},"end":{"line":66,"column":39}},"loc":{"start":{"line":66,"column":48},"end":{"line":66,"column":53}}},"6":{"name":"coefficientOfVariation","decl":{"start":{"line":72,"column":9},"end":{"line":72,"column":31}},"loc":{"start":{"line":72,"column":48},"end":{"line":77,"column":1}}},"7":{"name":"(anonymous_7)","decl":{"start":{"line":74,"column":28},"end":{"line":74,"column":29}},"loc":{"start":{"line":74,"column":38},"end":{"line":74,"column":43}}},"8":{"name":"getDistanceBucket","decl":{"start":{"line":82,"column":9},"end":{"line":82,"column":26}},"loc":{"start":{"line":82,"column":50},"end":{"line":90,"column":1}}},"9":{"name":"determineConfidence","decl":{"start":{"line":95,"column":9},"end":{"line":95,"column":28}},"loc":{"start":{"line":95,"column":60},"end":{"line":97,"column":1}}},"10":{"name":"isSignificantChange","decl":{"start":{"line":102,"column":9},"end":{"line":102,"column":28}},"loc":{"start":{"line":106,"column":31},"end":{"line":117,"column":1}}},"11":{"name":"applyFilters","decl":{"start":{"line":126,"column":16},"end":{"line":126,"column":28}},"loc":{"start":{"line":128,"column":26},"end":{"line":194,"column":1}}},"12":{"name":"(anonymous_12)","decl":{"start":{"line":130,"column":25},"end":{"line":130,"column":26}},"loc":{"start":{"line":130,"column":37},"end":{"line":193,"column":3}}},"13":{"name":"computeTotals","decl":{"start":{"line":203,"column":16},"end":{"line":203,"column":29}},"loc":{"start":{"line":203,"column":60},"end":{"line":285,"column":1}}},"14":{"name":"(anonymous_14)","decl":{"start":{"line":204,"column":36},"end":{"line":204,"column":37}},"loc":{"start":{"line":204,"column":43},"end":{"line":204,"column":67}}},"15":{"name":"(anonymous_15)","decl":{"start":{"line":214,"column":20},"end":{"line":214,"column":21}},"loc":{"start":{"line":214,"column":26},"end":{"line":226,"column":3}}},"16":{"name":"(anonymous_16)","decl":{"start":{"line":267,"column":37},"end":{"line":267,"column":38}},"loc":{"start":{"line":267,"column":44},"end":{"line":270,"column":7}}},"17":{"name":"(anonymous_17)","decl":{"start":{"line":268,"column":33},"end":{"line":268,"column":34}},"loc":{"start":{"line":268,"column":43},"end":{"line":268,"column":57}}},"18":{"name":"groupByCategory","decl":{"start":{"line":294,"column":9},"end":{"line":294,"column":24}},"loc":{"start":{"line":296,"column":54},"end":{"line":341,"column":1}}},"19":{"name":"(anonymous_19)","decl":{"start":{"line":300,"column":19},"end":{"line":300,"column":20}},"loc":{"start":{"line":300,"column":31},"end":{"line":328,"column":3}}},"20":{"name":"(anonymous_20)","decl":{"start":{"line":331,"column":17},"end":{"line":331,"column":18}},"loc":{"start":{"line":331,"column":27},"end":{"line":338,"column":3}}},"21":{"name":"(anonymous_21)","decl":{"start":{"line":335,"column":35},"end":{"line":335,"column":36}},"loc":{"start":{"line":335,"column":45},"end":{"line":335,"column":50}}},"22":{"name":"computeStrengths","decl":{"start":{"line":346,"column":16},"end":{"line":346,"column":32}},"loc":{"start":{"line":348,"column":26},"end":{"line":501,"column":1}}},"23":{"name":"(anonymous_23)","decl":{"start":{"line":351,"column":36},"end":{"line":351,"column":37}},"loc":{"start":{"line":351,"column":43},"end":{"line":351,"column":67}}},"24":{"name":"(anonymous_24)","decl":{"start":{"line":362,"column":20},"end":{"line":362,"column":21}},"loc":{"start":{"line":362,"column":26},"end":{"line":370,"column":3}}},"25":{"name":"(anonymous_25)","decl":{"start":{"line":376,"column":48},"end":{"line":376,"column":49}},"loc":{"start":{"line":377,"column":4},"end":{"line":377,"column":51}}},"26":{"name":"(anonymous_26)","decl":{"start":{"line":380,"column":21},"end":{"line":380,"column":22}},"loc":{"start":{"line":380,"column":41},"end":{"line":432,"column":3}}},"27":{"name":"(anonymous_27)","decl":{"start":{"line":403,"column":40},"end":{"line":403,"column":41}},"loc":{"start":{"line":403,"column":47},"end":{"line":403,"column":51}}},"28":{"name":"(anonymous_28)","decl":{"start":{"line":428,"column":42},"end":{"line":428,"column":43}},"loc":{"start":{"line":428,"column":49},"end":{"line":428,"column":53}}},"29":{"name":"(anonymous_29)","decl":{"start":{"line":435,"column":48},"end":{"line":435,"column":49}},"loc":{"start":{"line":435,"column":54},"end":{"line":440,"column":3}}},"30":{"name":"(anonymous_30)","decl":{"start":{"line":442,"column":21},"end":{"line":442,"column":22}},"loc":{"start":{"line":442,"column":46},"end":{"line":467,"column":3}}},"31":{"name":"(anonymous_31)","decl":{"start":{"line":464,"column":40},"end":{"line":464,"column":41}},"loc":{"start":{"line":464,"column":47},"end":{"line":464,"column":51}}},"32":{"name":"(anonymous_32)","decl":{"start":{"line":470,"column":46},"end":{"line":470,"column":47}},"loc":{"start":{"line":470,"column":53},"end":{"line":470,"column":74}}},"33":{"name":"(anonymous_33)","decl":{"start":{"line":472,"column":19},"end":{"line":472,"column":20}},"loc":{"start":{"line":472,"column":41},"end":{"line":497,"column":3}}},"34":{"name":"(anonymous_34)","decl":{"start":{"line":494,"column":40},"end":{"line":494,"column":41}},"loc":{"start":{"line":494,"column":47},"end":{"line":494,"column":51}}},"35":{"name":"(anonymous_35)","decl":{"start":{"line":500,"column":24},"end":{"line":500,"column":25}},"loc":{"start":{"line":500,"column":34},"end":{"line":500,"column":85}}},"36":{"name":"computeWeaknesses","decl":{"start":{"line":510,"column":16},"end":{"line":510,"column":33}},"loc":{"start":{"line":512,"column":26},"end":{"line":661,"column":1}}},"37":{"name":"(anonymous_37)","decl":{"start":{"line":515,"column":36},"end":{"line":515,"column":37}},"loc":{"start":{"line":515,"column":43},"end":{"line":515,"column":67}}},"38":{"name":"(anonymous_38)","decl":{"start":{"line":526,"column":20},"end":{"line":526,"column":21}},"loc":{"start":{"line":526,"column":26},"end":{"line":534,"column":3}}},"39":{"name":"(anonymous_39)","decl":{"start":{"line":540,"column":48},"end":{"line":540,"column":49}},"loc":{"start":{"line":541,"column":4},"end":{"line":541,"column":51}}},"40":{"name":"(anonymous_40)","decl":{"start":{"line":544,"column":21},"end":{"line":544,"column":22}},"loc":{"start":{"line":544,"column":41},"end":{"line":615,"column":3}}},"41":{"name":"(anonymous_41)","decl":{"start":{"line":554,"column":16},"end":{"line":554,"column":17}},"loc":{"start":{"line":554,"column":23},"end":{"line":554,"column":57}}},"42":{"name":"(anonymous_42)","decl":{"start":{"line":555,"column":13},"end":{"line":555,"column":14}},"loc":{"start":{"line":555,"column":20},"end":{"line":555,"column":70}}},"43":{"name":"(anonymous_43)","decl":{"start":{"line":578,"column":40},"end":{"line":578,"column":41}},"loc":{"start":{"line":578,"column":47},"end":{"line":578,"column":51}}},"44":{"name":"(anonymous_44)","decl":{"start":{"line":585,"column":16},"end":{"line":585,"column":17}},"loc":{"start":{"line":585,"column":23},"end":{"line":585,"column":57}}},"45":{"name":"(anonymous_45)","decl":{"start":{"line":586,"column":13},"end":{"line":586,"column":14}},"loc":{"start":{"line":586,"column":20},"end":{"line":586,"column":70}}},"46":{"name":"(anonymous_46)","decl":{"start":{"line":591,"column":25},"end":{"line":591,"column":26}},"loc":{"start":{"line":591,"column":32},"end":{"line":591,"column":72}}},"47":{"name":"(anonymous_47)","decl":{"start":{"line":611,"column":42},"end":{"line":611,"column":43}},"loc":{"start":{"line":611,"column":49},"end":{"line":611,"column":53}}},"48":{"name":"(anonymous_48)","decl":{"start":{"line":618,"column":48},"end":{"line":618,"column":49}},"loc":{"start":{"line":618,"column":54},"end":{"line":623,"column":3}}},"49":{"name":"(anonymous_49)","decl":{"start":{"line":625,"column":21},"end":{"line":625,"column":22}},"loc":{"start":{"line":625,"column":46},"end":{"line":657,"column":3}}},"50":{"name":"(anonymous_50)","decl":{"start":{"line":633,"column":16},"end":{"line":633,"column":17}},"loc":{"start":{"line":633,"column":23},"end":{"line":633,"column":57}}},"51":{"name":"(anonymous_51)","decl":{"start":{"line":634,"column":13},"end":{"line":634,"column":14}},"loc":{"start":{"line":634,"column":20},"end":{"line":634,"column":70}}},"52":{"name":"(anonymous_52)","decl":{"start":{"line":654,"column":40},"end":{"line":654,"column":41}},"loc":{"start":{"line":654,"column":47},"end":{"line":654,"column":51}}},"53":{"name":"(anonymous_53)","decl":{"start":{"line":660,"column":25},"end":{"line":660,"column":26}},"loc":{"start":{"line":660,"column":35},"end":{"line":660,"column":66}}},"54":{"name":"computeTrends","decl":{"start":{"line":670,"column":16},"end":{"line":670,"column":29}},"loc":{"start":{"line":672,"column":26},"end":{"line":813,"column":1}}},"55":{"name":"(anonymous_55)","decl":{"start":{"line":676,"column":12},"end":{"line":676,"column":13}},"loc":{"start":{"line":676,"column":19},"end":{"line":676,"column":43}}},"56":{"name":"(anonymous_56)","decl":{"start":{"line":677,"column":10},"end":{"line":677,"column":11}},"loc":{"start":{"line":677,"column":20},"end":{"line":677,"column":87}}},"57":{"name":"(anonymous_57)","decl":{"start":{"line":686,"column":20},"end":{"line":686,"column":21}},"loc":{"start":{"line":686,"column":32},"end":{"line":696,"column":3}}},"58":{"name":"(anonymous_58)","decl":{"start":{"line":700,"column":4},"end":{"line":700,"column":5}},"loc":{"start":{"line":700,"column":14},"end":{"line":700,"column":65}}},"59":{"name":"(anonymous_59)","decl":{"start":{"line":710,"column":22},"end":{"line":710,"column":23}},"loc":{"start":{"line":710,"column":51},"end":{"line":727,"column":3}}},"60":{"name":"(anonymous_60)","decl":{"start":{"line":713,"column":25},"end":{"line":713,"column":26}},"loc":{"start":{"line":713,"column":31},"end":{"line":718,"column":5}}},"61":{"name":"(anonymous_61)","decl":{"start":{"line":736,"column":23},"end":{"line":736,"column":24}},"loc":{"start":{"line":736,"column":35},"end":{"line":736,"column":48}}},"62":{"name":"(anonymous_62)","decl":{"start":{"line":738,"column":24},"end":{"line":738,"column":25}},"loc":{"start":{"line":738,"column":36},"end":{"line":738,"column":49}}},"63":{"name":"(anonymous_63)","decl":{"start":{"line":744,"column":42},"end":{"line":744,"column":43}},"loc":{"start":{"line":744,"column":49},"end":{"line":744,"column":53}}},"64":{"name":"(anonymous_64)","decl":{"start":{"line":761,"column":22},"end":{"line":761,"column":23}},"loc":{"start":{"line":761,"column":51},"end":{"line":779,"column":3}}},"65":{"name":"(anonymous_65)","decl":{"start":{"line":763,"column":25},"end":{"line":763,"column":26}},"loc":{"start":{"line":763,"column":31},"end":{"line":767,"column":5}}},"66":{"name":"(anonymous_66)","decl":{"start":{"line":787,"column":23},"end":{"line":787,"column":24}},"loc":{"start":{"line":787,"column":35},"end":{"line":787,"column":48}}},"67":{"name":"(anonymous_67)","decl":{"start":{"line":789,"column":24},"end":{"line":789,"column":25}},"loc":{"start":{"line":789,"column":36},"end":{"line":789,"column":49}}},"68":{"name":"(anonymous_68)","decl":{"start":{"line":796,"column":16},"end":{"line":796,"column":17}},"loc":{"start":{"line":796,"column":23},"end":{"line":796,"column":58}}},"69":{"name":"(anonymous_69)","decl":{"start":{"line":797,"column":13},"end":{"line":797,"column":14}},"loc":{"start":{"line":797,"column":20},"end":{"line":797,"column":24}}},"70":{"name":"generateRecommendations","decl":{"start":{"line":822,"column":16},"end":{"line":822,"column":39}},"loc":{"start":{"line":826,"column":32},"end":{"line":903,"column":1}}},"71":{"name":"(anonymous_71)","decl":{"start":{"line":831,"column":21},"end":{"line":831,"column":22}},"loc":{"start":{"line":831,"column":41},"end":{"line":865,"column":3}}},"72":{"name":"(anonymous_72)","decl":{"start":{"line":869,"column":12},"end":{"line":869,"column":13}},"loc":{"start":{"line":869,"column":19},"end":{"line":869,"column":46}}},"73":{"name":"(anonymous_73)","decl":{"start":{"line":870,"column":13},"end":{"line":870,"column":14}},"loc":{"start":{"line":870,"column":23},"end":{"line":881,"column":5}}},"74":{"name":"(anonymous_74)","decl":{"start":{"line":901,"column":4},"end":{"line":901,"column":5}},"loc":{"start":{"line":901,"column":14},"end":{"line":901,"column":67}}},"75":{"name":"computeInsights","decl":{"start":{"line":912,"column":16},"end":{"line":912,"column":31}},"loc":{"start":{"line":914,"column":44},"end":{"line":959,"column":1}}},"76":{"name":"(anonymous_76)","decl":{"start":{"line":918,"column":36},"end":{"line":918,"column":37}},"loc":{"start":{"line":918,"column":43},"end":{"line":918,"column":67}}},"77":{"name":"(anonymous_77)","decl":{"start":{"line":922,"column":20},"end":{"line":922,"column":21}},"loc":{"start":{"line":922,"column":26},"end":{"line":926,"column":3}}},"78":{"name":"(anonymous_78)","decl":{"start":{"line":929,"column":30},"end":{"line":929,"column":31}},"loc":{"start":{"line":929,"column":37},"end":{"line":929,"column":69}}}},"branchMap":{"0":{"loc":{"start":{"line":51,"column":2},"end":{"line":51,"column":39}},"type":"if","locations":[{"start":{"line":51,"column":2},"end":{"line":51,"column":39}},{"start":{},"end":{}}]},"1":{"loc":{"start":{"line":54,"column":9},"end":{"line":56,"column":41}},"type":"cond-expr","locations":[{"start":{"line":55,"column":6},"end":{"line":55,"column":17}},{"start":{"line":56,"column":6},"end":{"line":56,"column":41}}]},"2":{"loc":{"start":{"line":63,"column":2},"end":{"line":63,"column":34}},"type":"if","locations":[{"start":{"line":63,"column":2},"end":{"line":63,"column":34}},{"start":{},"end":{}}]},"3":{"loc":{"start":{"line":73,"column":2},"end":{"line":73,"column":34}},"type":"if","locations":[{"start":{"line":73,"column":2},"end":{"line":73,"column":34}},{"start":{},"end":{}}]},"4":{"loc":{"start":{"line":75,"column":2},"end":{"line":75,"column":26}},"type":"if","locations":[{"start":{"line":75,"column":2},"end":{"line":75,"column":26}},{"start":{},"end":{}}]},"5":{"loc":{"start":{"line":83,"column":2},"end":{"line":83,"column":37}},"type":"if","locations":[{"start":{"line":83,"column":2},"end":{"line":83,"column":37}},{"start":{},"end":{}}]},"6":{"loc":{"start":{"line":85,"column":4},"end":{"line":87,"column":5}},"type":"if","locations":[{"start":{"line":85,"column":4},"end":{"line":87,"column":5}},{"start":{},"end":{}}]},"7":{"loc":{"start":{"line":85,"column":8},"end":{"line":85,"column":55}},"type":"binary-expr","locations":[{"start":{"line":85,"column":8},"end":{"line":85,"column":30}},{"start":{"line":85,"column":34},"end":{"line":85,"column":55}}]},"8":{"loc":{"start":{"line":106,"column":2},"end":{"line":106,"column":31}},"type":"default-arg","locations":[{"start":{"line":106,"column":26},"end":{"line":106,"column":31}}]},"9":{"loc":{"start":{"line":112,"column":2},"end":{"line":114,"column":3}},"type":"if","locations":[{"start":{"line":112,"column":2},"end":{"line":114,"column":3}},{"start":{},"end":{}}]},"10":{"loc":{"start":{"line":113,"column":16},"end":{"line":113,"column":86}},"type":"cond-expr","locations":[{"start":{"line":113,"column":32},"end":{"line":113,"column":57}},{"start":{"line":113,"column":61},"end":{"line":113,"column":86}}]},"11":{"loc":{"start":{"line":113,"column":32},"end":{"line":113,"column":57}},"type":"cond-expr","locations":[{"start":{"line":113,"column":44},"end":{"line":113,"column":48}},{"start":{"line":113,"column":51},"end":{"line":113,"column":57}}]},"12":{"loc":{"start":{"line":113,"column":61},"end":{"line":113,"column":86}},"type":"cond-expr","locations":[{"start":{"line":113,"column":73},"end":{"line":113,"column":77}},{"start":{"line":113,"column":80},"end":{"line":113,"column":86}}]},"13":{"loc":{"start":{"line":132,"column":4},"end":{"line":145,"column":5}},"type":"if","locations":[{"start":{"line":132,"column":4},"end":{"line":145,"column":5}},{"start":{},"end":{}}]},"14":{"loc":{"start":{"line":141,"column":6},"end":{"line":144,"column":7}},"type":"if","locations":[{"start":{"line":141,"column":6},"end":{"line":144,"column":7}},{"start":{},"end":{}}]},"15":{"loc":{"start":{"line":143,"column":8},"end":{"line":143,"column":47}},"type":"if","locations":[{"start":{"line":143,"column":8},"end":{"line":143,"column":47}},{"start":{},"end":{}}]},"16":{"loc":{"start":{"line":148,"column":4},"end":{"line":150,"column":5}},"type":"if","locations":[{"start":{"line":148,"column":4},"end":{"line":150,"column":5}},{"start":{},"end":{}}]},"17":{"loc":{"start":{"line":148,"column":8},"end":{"line":148,"column":66}},"type":"binary-expr","locations":[{"start":{"line":148,"column":8},"end":{"line":148,"column":24}},{"start":{"line":148,"column":28},"end":{"line":148,"column":66}}]},"18":{"loc":{"start":{"line":153,"column":4},"end":{"line":155,"column":5}},"type":"if","locations":[{"start":{"line":153,"column":4},"end":{"line":155,"column":5}},{"start":{},"end":{}}]},"19":{"loc":{"start":{"line":153,"column":8},"end":{"line":153,"column":84}},"type":"binary-expr","locations":[{"start":{"line":153,"column":8},"end":{"line":153,"column":30}},{"start":{"line":153,"column":34},"end":{"line":153,"column":84}}]},"20":{"loc":{"start":{"line":158,"column":4},"end":{"line":160,"column":5}},"type":"if","locations":[{"start":{"line":158,"column":4},"end":{"line":160,"column":5}},{"start":{},"end":{}}]},"21":{"loc":{"start":{"line":158,"column":8},"end":{"line":158,"column":60}},"type":"binary-expr","locations":[{"start":{"line":158,"column":8},"end":{"line":158,"column":22}},{"start":{"line":158,"column":26},"end":{"line":158,"column":60}}]},"22":{"loc":{"start":{"line":163,"column":4},"end":{"line":166,"column":5}},"type":"if","locations":[{"start":{"line":163,"column":4},"end":{"line":166,"column":5}},{"start":{},"end":{}}]},"23":{"loc":{"start":{"line":165,"column":6},"end":{"line":165,"column":61}},"type":"if","locations":[{"start":{"line":165,"column":6},"end":{"line":165,"column":61}},{"start":{},"end":{}}]},"24":{"loc":{"start":{"line":169,"column":4},"end":{"line":173,"column":5}},"type":"if","locations":[{"start":{"line":169,"column":4},"end":{"line":173,"column":5}},{"start":{},"end":{}}]},"25":{"loc":{"start":{"line":170,"column":23},"end":{"line":170,"column":88}},"type":"binary-expr","locations":[{"start":{"line":170,"column":23},"end":{"line":170,"column":55}},{"start":{"line":170,"column":59},"end":{"line":170,"column":88}}]},"26":{"loc":{"start":{"line":171,"column":39},"end":{"line":171,"column":55}},"type":"binary-expr","locations":[{"start":{"line":171,"column":39},"end":{"line":171,"column":47}},{"start":{"line":171,"column":51},"end":{"line":171,"column":55}}]},"27":{"loc":{"start":{"line":172,"column":6},"end":{"line":172,"column":52}},"type":"if","locations":[{"start":{"line":172,"column":6},"end":{"line":172,"column":52}},{"start":{},"end":{}}]},"28":{"loc":{"start":{"line":176,"column":4},"end":{"line":185,"column":5}},"type":"if","locations":[{"start":{"line":176,"column":4},"end":{"line":185,"column":5}},{"start":{},"end":{}}]},"29":{"loc":{"start":{"line":178,"column":6},"end":{"line":178,"column":85}},"type":"if","locations":[{"start":{"line":178,"column":6},"end":{"line":178,"column":85}},{"start":{},"end":{}}]},"30":{"loc":{"start":{"line":178,"column":10},"end":{"line":178,"column":70}},"type":"binary-expr","locations":[{"start":{"line":178,"column":10},"end":{"line":178,"column":42}},{"start":{"line":178,"column":46},"end":{"line":178,"column":70}}]},"31":{"loc":{"start":{"line":179,"column":6},"end":{"line":179,"column":89}},"type":"if","locations":[{"start":{"line":179,"column":6},"end":{"line":179,"column":89}},{"start":{},"end":{}}]},"32":{"loc":{"start":{"line":179,"column":10},"end":{"line":179,"column":74}},"type":"binary-expr","locations":[{"start":{"line":179,"column":10},"end":{"line":179,"column":44}},{"start":{"line":179,"column":48},"end":{"line":179,"column":74}}]},"33":{"loc":{"start":{"line":180,"column":6},"end":{"line":184,"column":7}},"type":"if","locations":[{"start":{"line":180,"column":6},"end":{"line":184,"column":7}},{"start":{},"end":{}}]},"34":{"loc":{"start":{"line":183,"column":8},"end":{"line":183,"column":40}},"type":"if","locations":[{"start":{"line":183,"column":8},"end":{"line":183,"column":40}},{"start":{},"end":{}}]},"35":{"loc":{"start":{"line":188,"column":4},"end":{"line":190,"column":5}},"type":"if","locations":[{"start":{"line":188,"column":4},"end":{"line":190,"column":5}},{"start":{},"end":{}}]},"36":{"loc":{"start":{"line":188,"column":8},"end":{"line":188,"column":70}},"type":"binary-expr","locations":[{"start":{"line":188,"column":8},"end":{"line":188,"column":25}},{"start":{"line":188,"column":29},"end":{"line":188,"column":70}}]},"37":{"loc":{"start":{"line":216,"column":4},"end":{"line":225,"column":5}},"type":"if","locations":[{"start":{"line":216,"column":4},"end":{"line":225,"column":5}},{"start":{},"end":{}}]},"38":{"loc":{"start":{"line":219,"column":6},"end":{"line":221,"column":7}},"type":"if","locations":[{"start":{"line":219,"column":6},"end":{"line":221,"column":7}},{"start":{},"end":{}}]},"39":{"loc":{"start":{"line":222,"column":6},"end":{"line":224,"column":7}},"type":"if","locations":[{"start":{"line":222,"column":6},"end":{"line":224,"column":7}},{"start":{},"end":{}}]},"40":{"loc":{"start":{"line":248,"column":2},"end":{"line":257,"column":3}},"type":"if","locations":[{"start":{"line":248,"column":2},"end":{"line":257,"column":3}},{"start":{},"end":{}}]},"41":{"loc":{"start":{"line":261,"column":2},"end":{"line":272,"column":3}},"type":"if","locations":[{"start":{"line":261,"column":2},"end":{"line":272,"column":3}},{"start":{},"end":{}}]},"42":{"loc":{"start":{"line":275,"column":26},"end":{"line":275,"column":89}},"type":"cond-expr","locations":[{"start":{"line":275,"column":43},"end":{"line":275,"column":85}},{"start":{"line":275,"column":88},"end":{"line":275,"column":89}}]},"43":{"loc":{"start":{"line":302,"column":4},"end":{"line":302,"column":26}},"type":"if","locations":[{"start":{"line":302,"column":4},"end":{"line":302,"column":26}},{"start":{},"end":{}}]},"44":{"loc":{"start":{"line":304,"column":4},"end":{"line":316,"column":5}},"type":"if","locations":[{"start":{"line":304,"column":4},"end":{"line":316,"column":5}},{"start":{},"end":{}}]},"45":{"loc":{"start":{"line":321,"column":4},"end":{"line":327,"column":5}},"type":"if","locations":[{"start":{"line":321,"column":4},"end":{"line":327,"column":5}},{"start":{},"end":{}}]},"46":{"loc":{"start":{"line":324,"column":6},"end":{"line":326,"column":7}},"type":"if","locations":[{"start":{"line":324,"column":6},"end":{"line":326,"column":7}},{"start":{},"end":{}}]},"47":{"loc":{"start":{"line":332,"column":21},"end":{"line":332,"column":75}},"type":"cond-expr","locations":[{"start":{"line":332,"column":39},"end":{"line":332,"column":71}},{"start":{"line":332,"column":74},"end":{"line":332,"column":75}}]},"48":{"loc":{"start":{"line":334,"column":6},"end":{"line":336,"column":14}},"type":"cond-expr","locations":[{"start":{"line":335,"column":10},"end":{"line":335,"column":81}},{"start":{"line":336,"column":10},"end":{"line":336,"column":14}}]},"49":{"loc":{"start":{"line":353,"column":2},"end":{"line":355,"column":3}},"type":"if","locations":[{"start":{"line":353,"column":2},"end":{"line":355,"column":3}},{"start":{},"end":{}}]},"50":{"loc":{"start":{"line":363,"column":4},"end":{"line":369,"column":5}},"type":"if","locations":[{"start":{"line":363,"column":4},"end":{"line":369,"column":5}},{"start":{},"end":{}}]},"51":{"loc":{"start":{"line":366,"column":6},"end":{"line":368,"column":7}},"type":"if","locations":[{"start":{"line":366,"column":6},"end":{"line":368,"column":7}},{"start":{},"end":{}}]},"52":{"loc":{"start":{"line":372,"column":27},"end":{"line":372,"column":87}},"type":"cond-expr","locations":[{"start":{"line":372,"column":47},"end":{"line":372,"column":83}},{"start":{"line":372,"column":86},"end":{"line":372,"column":87}}]},"53":{"loc":{"start":{"line":377,"column":4},"end":{"line":377,"column":51}},"type":"binary-expr","locations":[{"start":{"line":377,"column":4},"end":{"line":377,"column":43}},{"start":{"line":377,"column":47},"end":{"line":377,"column":51}}]},"54":{"loc":{"start":{"line":381,"column":4},"end":{"line":381,"column":53}},"type":"if","locations":[{"start":{"line":381,"column":4},"end":{"line":381,"column":53}},{"start":{},"end":{}}]},"55":{"loc":{"start":{"line":385,"column":4},"end":{"line":405,"column":5}},"type":"if","locations":[{"start":{"line":385,"column":4},"end":{"line":405,"column":5}},{"start":{},"end":{}}]},"56":{"loc":{"start":{"line":408,"column":4},"end":{"line":431,"column":5}},"type":"if","locations":[{"start":{"line":408,"column":4},"end":{"line":431,"column":5}},{"start":{},"end":{}}]},"57":{"loc":{"start":{"line":408,"column":8},"end":{"line":408,"column":76}},"type":"binary-expr","locations":[{"start":{"line":408,"column":8},"end":{"line":408,"column":39}},{"start":{"line":408,"column":43},"end":{"line":408,"column":76}}]},"58":{"loc":{"start":{"line":410,"column":6},"end":{"line":430,"column":7}},"type":"if","locations":[{"start":{"line":410,"column":6},"end":{"line":430,"column":7}},{"start":{},"end":{}}]},"59":{"loc":{"start":{"line":436,"column":21},"end":{"line":436,"column":74}},"type":"binary-expr","locations":[{"start":{"line":436,"column":21},"end":{"line":436,"column":47}},{"start":{"line":436,"column":51},"end":{"line":436,"column":74}}]},"60":{"loc":{"start":{"line":437,"column":37},"end":{"line":437,"column":53}},"type":"binary-expr","locations":[{"start":{"line":437,"column":37},"end":{"line":437,"column":45}},{"start":{"line":437,"column":49},"end":{"line":437,"column":53}}]},"61":{"loc":{"start":{"line":438,"column":4},"end":{"line":438,"column":29}},"type":"if","locations":[{"start":{"line":438,"column":4},"end":{"line":438,"column":29}},{"start":{},"end":{}}]},"62":{"loc":{"start":{"line":443,"column":4},"end":{"line":443,"column":53}},"type":"if","locations":[{"start":{"line":443,"column":4},"end":{"line":443,"column":53}},{"start":{},"end":{}}]},"63":{"loc":{"start":{"line":446,"column":4},"end":{"line":466,"column":5}},"type":"if","locations":[{"start":{"line":446,"column":4},"end":{"line":466,"column":5}},{"start":{},"end":{}}]},"64":{"loc":{"start":{"line":470,"column":53},"end":{"line":470,"column":74}},"type":"binary-expr","locations":[{"start":{"line":470,"column":53},"end":{"line":470,"column":66}},{"start":{"line":470,"column":70},"end":{"line":470,"column":74}}]},"65":{"loc":{"start":{"line":473,"column":4},"end":{"line":473,"column":53}},"type":"if","locations":[{"start":{"line":473,"column":4},"end":{"line":473,"column":53}},{"start":{},"end":{}}]},"66":{"loc":{"start":{"line":476,"column":4},"end":{"line":496,"column":5}},"type":"if","locations":[{"start":{"line":476,"column":4},"end":{"line":496,"column":5}},{"start":{},"end":{}}]},"67":{"loc":{"start":{"line":517,"column":2},"end":{"line":519,"column":3}},"type":"if","locations":[{"start":{"line":517,"column":2},"end":{"line":519,"column":3}},{"start":{},"end":{}}]},"68":{"loc":{"start":{"line":527,"column":4},"end":{"line":533,"column":5}},"type":"if","locations":[{"start":{"line":527,"column":4},"end":{"line":533,"column":5}},{"start":{},"end":{}}]},"69":{"loc":{"start":{"line":530,"column":6},"end":{"line":532,"column":7}},"type":"if","locations":[{"start":{"line":530,"column":6},"end":{"line":532,"column":7}},{"start":{},"end":{}}]},"70":{"loc":{"start":{"line":536,"column":27},"end":{"line":536,"column":87}},"type":"cond-expr","locations":[{"start":{"line":536,"column":47},"end":{"line":536,"column":83}},{"start":{"line":536,"column":86},"end":{"line":536,"column":87}}]},"71":{"loc":{"start":{"line":541,"column":4},"end":{"line":541,"column":51}},"type":"binary-expr","locations":[{"start":{"line":541,"column":4},"end":{"line":541,"column":43}},{"start":{"line":541,"column":47},"end":{"line":541,"column":51}}]},"72":{"loc":{"start":{"line":545,"column":4},"end":{"line":545,"column":53}},"type":"if","locations":[{"start":{"line":545,"column":4},"end":{"line":545,"column":53}},{"start":{},"end":{}}]},"73":{"loc":{"start":{"line":549,"column":4},"end":{"line":580,"column":5}},"type":"if","locations":[{"start":{"line":549,"column":4},"end":{"line":580,"column":5}},{"start":{},"end":{}}]},"74":{"loc":{"start":{"line":554,"column":23},"end":{"line":554,"column":57}},"type":"binary-expr","locations":[{"start":{"line":554,"column":23},"end":{"line":554,"column":30}},{"start":{"line":554,"column":34},"end":{"line":554,"column":57}}]},"75":{"loc":{"start":{"line":564,"column":17},"end":{"line":566,"column":68}},"type":"cond-expr","locations":[{"start":{"line":565,"column":12},"end":{"line":565,"column":44}},{"start":{"line":566,"column":12},"end":{"line":566,"column":68}}]},"76":{"loc":{"start":{"line":577,"column":18},"end":{"line":577,"column":69}},"type":"cond-expr","locations":[{"start":{"line":577,"column":36},"end":{"line":577,"column":62}},{"start":{"line":577,"column":65},"end":{"line":577,"column":69}}]},"77":{"loc":{"start":{"line":583,"column":4},"end":{"line":614,"column":5}},"type":"if","locations":[{"start":{"line":583,"column":4},"end":{"line":614,"column":5}},{"start":{},"end":{}}]},"78":{"loc":{"start":{"line":585,"column":23},"end":{"line":585,"column":57}},"type":"binary-expr","locations":[{"start":{"line":585,"column":23},"end":{"line":585,"column":30}},{"start":{"line":585,"column":34},"end":{"line":585,"column":57}}]},"79":{"loc":{"start":{"line":589,"column":6},"end":{"line":613,"column":7}},"type":"if","locations":[{"start":{"line":589,"column":6},"end":{"line":613,"column":7}},{"start":{},"end":{}}]},"80":{"loc":{"start":{"line":590,"column":8},"end":{"line":591,"column":73}},"type":"binary-expr","locations":[{"start":{"line":590,"column":8},"end":{"line":590,"column":38}},{"start":{"line":591,"column":8},"end":{"line":591,"column":73}}]},"81":{"loc":{"start":{"line":619,"column":21},"end":{"line":619,"column":74}},"type":"binary-expr","locations":[{"start":{"line":619,"column":21},"end":{"line":619,"column":47}},{"start":{"line":619,"column":51},"end":{"line":619,"column":74}}]},"82":{"loc":{"start":{"line":620,"column":37},"end":{"line":620,"column":53}},"type":"binary-expr","locations":[{"start":{"line":620,"column":37},"end":{"line":620,"column":45}},{"start":{"line":620,"column":49},"end":{"line":620,"column":53}}]},"83":{"loc":{"start":{"line":621,"column":4},"end":{"line":621,"column":29}},"type":"if","locations":[{"start":{"line":621,"column":4},"end":{"line":621,"column":29}},{"start":{},"end":{}}]},"84":{"loc":{"start":{"line":626,"column":4},"end":{"line":626,"column":53}},"type":"if","locations":[{"start":{"line":626,"column":4},"end":{"line":626,"column":53}},{"start":{},"end":{}}]},"85":{"loc":{"start":{"line":629,"column":4},"end":{"line":656,"column":5}},"type":"if","locations":[{"start":{"line":629,"column":4},"end":{"line":656,"column":5}},{"start":{},"end":{}}]},"86":{"loc":{"start":{"line":633,"column":23},"end":{"line":633,"column":57}},"type":"binary-expr","locations":[{"start":{"line":633,"column":23},"end":{"line":633,"column":30}},{"start":{"line":633,"column":34},"end":{"line":633,"column":57}}]},"87":{"loc":{"start":{"line":653,"column":18},"end":{"line":653,"column":84}},"type":"cond-expr","locations":[{"start":{"line":653,"column":51},"end":{"line":653,"column":77}},{"start":{"line":653,"column":80},"end":{"line":653,"column":84}}]},"88":{"loc":{"start":{"line":679,"column":2},"end":{"line":681,"column":3}},"type":"if","locations":[{"start":{"line":679,"column":2},"end":{"line":681,"column":3}},{"start":{},"end":{}}]},"89":{"loc":{"start":{"line":692,"column":4},"end":{"line":694,"column":5}},"type":"if","locations":[{"start":{"line":692,"column":4},"end":{"line":694,"column":5}},{"start":{},"end":{}}]},"90":{"loc":{"start":{"line":703,"column":2},"end":{"line":705,"column":3}},"type":"if","locations":[{"start":{"line":703,"column":2},"end":{"line":705,"column":3}},{"start":{},"end":{}}]},"91":{"loc":{"start":{"line":714,"column":6},"end":{"line":717,"column":7}},"type":"if","locations":[{"start":{"line":714,"column":6},"end":{"line":717,"column":7}},{"start":{},"end":{}}]},"92":{"loc":{"start":{"line":720,"column":4},"end":{"line":726,"column":5}},"type":"if","locations":[{"start":{"line":720,"column":4},"end":{"line":726,"column":5}},{"start":{},"end":{}}]},"93":{"loc":{"start":{"line":729,"column":2},"end":{"line":756,"column":3}},"type":"if","locations":[{"start":{"line":729,"column":2},"end":{"line":756,"column":3}},{"start":{},"end":{}}]},"94":{"loc":{"start":{"line":743,"column":4},"end":{"line":755,"column":5}},"type":"if","locations":[{"start":{"line":743,"column":4},"end":{"line":755,"column":5}},{"start":{},"end":{}}]},"95":{"loc":{"start":{"line":749,"column":19},"end":{"line":749,"column":56}},"type":"cond-expr","locations":[{"start":{"line":749,"column":31},"end":{"line":749,"column":42}},{"start":{"line":749,"column":45},"end":{"line":749,"column":56}}]},"96":{"loc":{"start":{"line":764,"column":6},"end":{"line":766,"column":7}},"type":"if","locations":[{"start":{"line":764,"column":6},"end":{"line":766,"column":7}},{"start":{},"end":{}}]},"97":{"loc":{"start":{"line":769,"column":4},"end":{"line":778,"column":5}},"type":"if","locations":[{"start":{"line":769,"column":4},"end":{"line":778,"column":5}},{"start":{},"end":{}}]},"98":{"loc":{"start":{"line":771,"column":6},"end":{"line":777,"column":7}},"type":"if","locations":[{"start":{"line":771,"column":6},"end":{"line":777,"column":7}},{"start":{},"end":{}}]},"99":{"loc":{"start":{"line":781,"column":2},"end":{"line":810,"column":3}},"type":"if","locations":[{"start":{"line":781,"column":2},"end":{"line":810,"column":3}},{"start":{},"end":{}}]},"100":{"loc":{"start":{"line":794,"column":4},"end":{"line":809,"column":5}},"type":"if","locations":[{"start":{"line":794,"column":4},"end":{"line":809,"column":5}},{"start":{},"end":{}}]},"101":{"loc":{"start":{"line":802,"column":19},"end":{"line":802,"column":56}},"type":"cond-expr","locations":[{"start":{"line":802,"column":31},"end":{"line":802,"column":42}},{"start":{"line":802,"column":45},"end":{"line":802,"column":56}}]},"102":{"loc":{"start":{"line":805,"column":17},"end":{"line":805,"column":76}},"type":"cond-expr","locations":[{"start":{"line":805,"column":29},"end":{"line":805,"column":55}},{"start":{"line":805,"column":58},"end":{"line":805,"column":76}}]},"103":{"loc":{"start":{"line":832,"column":4},"end":{"line":832,"column":27}},"type":"if","locations":[{"start":{"line":832,"column":4},"end":{"line":832,"column":27}},{"start":{},"end":{}}]},"104":{"loc":{"start":{"line":834,"column":4},"end":{"line":851,"column":5}},"type":"if","locations":[{"start":{"line":834,"column":4},"end":{"line":851,"column":5}},{"start":{},"end":{}}]},"105":{"loc":{"start":{"line":838,"column":18},"end":{"line":838,"column":55}},"type":"cond-expr","locations":[{"start":{"line":838,"column":38},"end":{"line":838,"column":44}},{"start":{"line":838,"column":47},"end":{"line":838,"column":55}}]},"106":{"loc":{"start":{"line":841,"column":14},"end":{"line":841,"column":72}},"type":"cond-expr","locations":[{"start":{"line":841,"column":34},"end":{"line":841,"column":51}},{"start":{"line":841,"column":54},"end":{"line":841,"column":72}}]},"107":{"loc":{"start":{"line":848,"column":16},"end":{"line":848,"column":64}},"type":"binary-expr","locations":[{"start":{"line":848,"column":16},"end":{"line":848,"column":32}},{"start":{"line":848,"column":36},"end":{"line":848,"column":64}}]},"108":{"loc":{"start":{"line":853,"column":4},"end":{"line":864,"column":5}},"type":"if","locations":[{"start":{"line":853,"column":4},"end":{"line":864,"column":5}},{"start":{},"end":{}}]},"109":{"loc":{"start":{"line":876,"column":80},"end":{"line":876,"column":124}},"type":"cond-expr","locations":[{"start":{"line":876,"column":114},"end":{"line":876,"column":117}},{"start":{"line":876,"column":120},"end":{"line":876,"column":124}}]},"110":{"loc":{"start":{"line":878,"column":16},"end":{"line":878,"column":66}},"type":"binary-expr","locations":[{"start":{"line":878,"column":16},"end":{"line":878,"column":29}},{"start":{"line":878,"column":33},"end":{"line":878,"column":66}}]},"111":{"loc":{"start":{"line":884,"column":2},"end":{"line":896,"column":3}},"type":"if","locations":[{"start":{"line":884,"column":2},"end":{"line":896,"column":3}},{"start":{},"end":{}}]},"112":{"loc":{"start":{"line":884,"column":6},"end":{"line":884,"column":53}},"type":"binary-expr","locations":[{"start":{"line":884,"column":6},"end":{"line":884,"column":29}},{"start":{"line":884,"column":33},"end":{"line":884,"column":53}}]},"113":{"loc":{"start":{"line":914,"column":2},"end":{"line":914,"column":44}},"type":"default-arg","locations":[{"start":{"line":914,"column":29},"end":{"line":914,"column":44}}]},"114":{"loc":{"start":{"line":923,"column":4},"end":{"line":925,"column":5}},"type":"if","locations":[{"start":{"line":923,"column":4},"end":{"line":925,"column":5}},{"start":{},"end":{}}]},"115":{"loc":{"start":{"line":931,"column":11},"end":{"line":931,"column":77}},"type":"cond-expr","locations":[{"start":{"line":931,"column":30},"end":{"line":931,"column":72}},{"start":{"line":931,"column":75},"end":{"line":931,"column":77}}]},"116":{"loc":{"start":{"line":932,"column":9},"end":{"line":932,"column":75}},"type":"cond-expr","locations":[{"start":{"line":932,"column":28},"end":{"line":932,"column":70}},{"start":{"line":932,"column":73},"end":{"line":932,"column":75}}]},"117":{"loc":{"start":{"line":939,"column":20},"end":{"line":939,"column":76}},"type":"cond-expr","locations":[{"start":{"line":939,"column":36},"end":{"line":939,"column":71}},{"start":{"line":939,"column":74},"end":{"line":939,"column":76}}]},"118":{"loc":{"start":{"line":940,"column":21},"end":{"line":940,"column":78}},"type":"cond-expr","locations":[{"start":{"line":940,"column":37},"end":{"line":940,"column":73}},{"start":{"line":940,"column":76},"end":{"line":940,"column":78}}]},"119":{"loc":{"start":{"line":941,"column":17},"end":{"line":941,"column":70}},"type":"cond-expr","locations":[{"start":{"line":941,"column":33},"end":{"line":941,"column":65}},{"start":{"line":941,"column":68},"end":{"line":941,"column":70}}]},"120":{"loc":{"start":{"line":942,"column":26},"end":{"line":944,"column":8}},"type":"cond-expr","locations":[{"start":{"line":943,"column":6},"end":{"line":943,"column":70}},{"start":{"line":944,"column":6},"end":{"line":944,"column":8}}]}},"s":{"0":1,"1":1,"2":1,"3":1,"4":1,"5":1,"6":1,"7":1,"8":1,"9":1,"10":1,"11":1,"12":1,"13":96,"14":61,"15":35,"16":71,"17":35,"18":35,"19":4,"20":0,"21":4,"22":10,"23":4,"24":10,"25":4,"26":10,"27":5,"28":1,"29":4,"30":10,"31":4,"32":0,"33":4,"34":70,"35":0,"36":70,"37":140,"38":70,"39":0,"40":8,"41":0,"42":0,"43":0,"44":0,"45":0,"46":0,"47":19,"48":48,"49":10,"50":10,"51":10,"52":10,"53":10,"54":10,"55":3,"56":45,"57":0,"58":45,"59":0,"60":45,"61":0,"62":45,"63":5,"64":5,"65":2,"66":43,"67":9,"68":9,"69":9,"70":6,"71":37,"72":4,"73":4,"74":1,"75":3,"76":0,"77":3,"78":2,"79":2,"80":1,"81":35,"82":0,"83":35,"84":18,"85":45,"86":18,"87":18,"88":18,"89":18,"90":18,"91":18,"92":18,"93":40,"94":40,"95":39,"96":39,"97":39,"98":22,"99":39,"100":38,"101":18,"102":18,"103":18,"104":18,"105":14,"106":18,"107":18,"108":9,"109":23,"110":45,"111":23,"112":18,"113":18,"114":18,"115":31,"116":31,"117":157,"118":157,"119":45,"120":112,"121":40,"122":112,"123":112,"124":112,"125":112,"126":112,"127":112,"128":10,"129":31,"130":40,"131":40,"132":10,"133":40,"134":31,"135":8,"136":8,"137":37,"138":8,"139":1,"140":7,"141":7,"142":7,"143":7,"144":35,"145":35,"146":35,"147":35,"148":5,"149":7,"150":7,"151":7,"152":35,"153":7,"154":14,"155":1,"156":13,"157":13,"158":3,"159":3,"160":5,"161":13,"162":0,"163":0,"164":0,"165":0,"166":0,"167":7,"168":35,"169":35,"170":35,"171":0,"172":35,"173":7,"174":7,"175":0,"176":7,"177":7,"178":0,"179":0,"180":0,"181":7,"182":35,"183":7,"184":3,"185":0,"186":3,"187":3,"188":1,"189":1,"190":2,"191":7,"192":1,"193":5,"194":5,"195":26,"196":5,"197":0,"198":5,"199":5,"200":5,"201":5,"202":26,"203":26,"204":26,"205":26,"206":5,"207":5,"208":5,"209":5,"210":26,"211":5,"212":11,"213":0,"214":11,"215":11,"216":3,"217":3,"218":5,"219":5,"220":3,"221":3,"222":3,"223":5,"224":11,"225":2,"226":6,"227":6,"228":2,"229":2,"230":0,"231":1,"232":1,"233":3,"234":5,"235":26,"236":26,"237":26,"238":0,"239":26,"240":5,"241":5,"242":0,"243":5,"244":5,"245":0,"246":0,"247":0,"248":0,"249":0,"250":0,"251":0,"252":5,"253":1,"254":7,"255":7,"256":44,"257":41,"258":7,"259":3,"260":4,"261":4,"262":32,"263":32,"264":32,"265":32,"266":32,"267":32,"268":32,"269":4,"270":28,"271":4,"272":0,"273":4,"274":4,"275":32,"276":32,"277":32,"278":32,"279":32,"280":32,"281":32,"282":32,"283":4,"284":4,"285":4,"286":4,"287":4,"288":16,"289":4,"290":16,"291":4,"292":4,"293":4,"294":2,"295":16,"296":2,"297":4,"298":4,"299":32,"300":32,"301":32,"302":8,"303":32,"304":8,"305":8,"306":8,"307":4,"308":1,"309":1,"310":1,"311":1,"312":4,"313":1,"314":4,"315":1,"316":1,"317":1,"318":1,"319":8,"320":8,"321":1,"322":4,"323":7,"324":7,"325":4,"326":0,"327":4,"328":2,"329":4,"330":2,"331":7,"332":1,"333":1,"334":7,"335":1,"336":1,"337":7,"338":7,"339":1,"340":9,"341":9,"342":23,"343":9,"344":9,"345":19,"346":19,"347":9,"348":19,"349":9,"350":9,"351":9,"352":9,"353":9,"354":9,"355":9,"356":9},"f":{"0":96,"1":71,"2":4,"3":10,"4":10,"5":10,"6":5,"7":10,"8":70,"9":8,"10":0,"11":19,"12":48,"13":18,"14":45,"15":40,"16":23,"17":45,"18":31,"19":157,"20":40,"21":10,"22":8,"23":37,"24":35,"25":35,"26":14,"27":5,"28":0,"29":35,"30":7,"31":0,"32":35,"33":3,"34":2,"35":1,"36":5,"37":26,"38":26,"39":26,"40":11,"41":5,"42":5,"43":5,"44":6,"45":6,"46":0,"47":3,"48":26,"49":5,"50":0,"51":0,"52":0,"53":1,"54":7,"55":44,"56":41,"57":32,"58":28,"59":32,"60":32,"61":16,"62":16,"63":16,"64":32,"65":32,"66":4,"67":4,"68":8,"69":8,"70":7,"71":4,"72":1,"73":1,"74":1,"75":9,"76":23,"77":19,"78":19},"b":{"0":[61,35],"1":[22,13],"2":[0,4],"3":[1,4],"4":[0,4],"5":[0,70],"6":[70,70],"7":[140,140],"8":[0],"9":[0,0],"10":[0,0],"11":[0,0],"12":[0,0],"13":[10,38],"14":[10,0],"15":[3,7],"16":[0,45],"17":[45,0],"18":[0,45],"19":[45,0],"20":[0,45],"21":[45,0],"22":[5,40],"23":[2,3],"24":[9,34],"25":[9,0],"26":[9,0],"27":[6,3],"28":[4,33],"29":[1,3],"30":[4,2],"31":[0,3],"32":[3,0],"33":[2,1],"34":[1,1],"35":[0,35],"36":[35,0],"37":[39,1],"38":[22,17],"39":[38,1],"40":[14,4],"41":[9,9],"42":[14,4],"43":[45,112],"44":[40,72],"45":[112,0],"46":[10,102],"47":[40,0],"48":[2,38],"49":[1,7],"50":[35,0],"51":[5,30],"52":[7,0],"53":[35,10],"54":[1,13],"55":[3,10],"56":[0,13],"57":[13,0],"58":[0,0],"59":[35,35],"60":[35,0],"61":[0,35],"62":[0,7],"63":[0,7],"64":[35,30],"65":[0,3],"66":[1,2],"67":[0,5],"68":[26,0],"69":[5,21],"70":[5,0],"71":[26,5],"72":[0,11],"73":[3,8],"74":[5,5],"75":[0,3],"76":[0,3],"77":[2,9],"78":[6,6],"79":[1,1],"80":[2,1],"81":[26,26],"82":[26,0],"83":[0,26],"84":[0,5],"85":[0,5],"86":[0,0],"87":[0,0],"88":[3,4],"89":[32,0],"90":[0,4],"91":[32,0],"92":[32,0],"93":[4,0],"94":[2,2],"95":[1,1],"96":[8,24],"97":[8,24],"98":[8,0],"99":[1,3],"100":[1,0],"101":[1,0],"102":[1,0],"103":[0,4],"104":[2,2],"105":[0,2],"106":[0,2],"107":[2,1],"108":[2,2],"109":[1,0],"110":[1,0],"111":[1,6],"112":[7,4],"113":[7],"114":[19,0],"115":[6,3],"116":[6,3],"117":[2,7],"118":[2,7],"119":[2,7],"120":[2,7]}}
}
