TN:
SF:components/insights/changeRules.ts
FN:77,getConfidence
FN:96,detectAccuracyChange
FN:110,detectVolumeChange
FN:128,detectGroupingChange
FN:148,shouldShowExplain
FN:149,(anonymous_5)
FN:155,formatDelta
FN:164,getDeltaColor
FNF:8
FNH:1
FNDA:8,getConfidence
FNDA:0,detectAccuracyChange
FNDA:0,detectVolumeChange
FNDA:0,detectGroupingChange
FNDA:0,shouldShowExplain
FNDA:0,(anonymous_5)
FNDA:0,formatDelta
FNDA:0,getDeltaColor
DA:20,1
DA:26,1
DA:32,1
DA:42,1
DA:48,1
DA:54,1
DA:60,1
DA:66,1
DA:77,1
DA:78,8
DA:79,8
DA:80,7
DA:96,1
DA:97,0
DA:98,0
DA:100,0
DA:110,1
DA:111,0
DA:112,0
DA:115,0
DA:116,0
DA:118,0
DA:128,1
DA:129,0
DA:130,0
DA:133,0
DA:148,1
DA:149,0
DA:155,1
DA:156,0
DA:157,0
DA:164,1
DA:169,0
DA:171,0
DA:172,0
LF:35
LH:18
BRDA:78,0,0,0
BRDA:78,0,1,8
BRDA:78,1,0,8
BRDA:78,1,1,0
BRDA:79,2,0,1
BRDA:79,2,1,7
BRDA:79,3,0,8
BRDA:79,3,1,6
BRDA:103,4,0,0
BRDA:103,4,1,0
BRDA:103,5,0,0
BRDA:103,5,1,0
BRDA:111,6,0,0
BRDA:111,6,1,0
BRDA:121,7,0,0
BRDA:121,7,1,0
BRDA:121,8,0,0
BRDA:121,8,1,0
BRDA:136,9,0,0
BRDA:136,9,1,0
BRDA:136,10,0,0
BRDA:136,10,1,0
BRDA:155,11,0,0
BRDA:156,12,0,0
BRDA:156,12,1,0
BRDA:167,13,0,0
BRDA:169,14,0,0
BRDA:169,14,1,0
BRDA:171,15,0,0
BRDA:171,15,1,0
BRDA:172,16,0,0
BRDA:172,16,1,0
BRF:32
BRH:6
end_of_record
TN:
SF:components/insights/insights.engine.ts
FN:50,median
FN:52,(anonymous_1)
FN:62,standardDeviation
FN:64,(anonymous_3)
FN:65,(anonymous_4)
FN:66,(anonymous_5)
FN:72,coefficientOfVariation
FN:74,(anonymous_7)
FN:82,getDistanceBucket
FN:95,determineConfidence
FN:102,isSignificantChange
FN:126,applyFilters
FN:130,(anonymous_12)
FN:203,computeTotals
FN:204,(anonymous_14)
FN:214,(anonymous_15)
FN:267,(anonymous_16)
FN:268,(anonymous_17)
FN:294,groupByCategory
FN:300,(anonymous_19)
FN:331,(anonymous_20)
FN:335,(anonymous_21)
FN:346,computeStrengths
FN:351,(anonymous_23)
FN:362,(anonymous_24)
FN:376,(anonymous_25)
FN:380,(anonymous_26)
FN:403,(anonymous_27)
FN:428,(anonymous_28)
FN:435,(anonymous_29)
FN:442,(anonymous_30)
FN:464,(anonymous_31)
FN:470,(anonymous_32)
FN:472,(anonymous_33)
FN:494,(anonymous_34)
FN:500,(anonymous_35)
FN:510,computeWeaknesses
FN:515,(anonymous_37)
FN:526,(anonymous_38)
FN:540,(anonymous_39)
FN:544,(anonymous_40)
FN:554,(anonymous_41)
FN:555,(anonymous_42)
FN:578,(anonymous_43)
FN:585,(anonymous_44)
FN:586,(anonymous_45)
FN:591,(anonymous_46)
FN:611,(anonymous_47)
FN:618,(anonymous_48)
FN:625,(anonymous_49)
FN:633,(anonymous_50)
FN:634,(anonymous_51)
FN:654,(anonymous_52)
FN:660,(anonymous_53)
FN:670,computeTrends
FN:676,(anonymous_55)
FN:677,(anonymous_56)
FN:686,(anonymous_57)
FN:700,(anonymous_58)
FN:710,(anonymous_59)
FN:713,(anonymous_60)
FN:736,(anonymous_61)
FN:738,(anonymous_62)
FN:744,(anonymous_63)
FN:761,(anonymous_64)
FN:763,(anonymous_65)
FN:787,(anonymous_66)
FN:789,(anonymous_67)
FN:796,(anonymous_68)
FN:797,(anonymous_69)
FN:822,generateRecommendations
FN:831,(anonymous_71)
FN:869,(anonymous_72)
FN:870,(anonymous_73)
FN:901,(anonymous_74)
FN:912,computeInsights
FN:918,(anonymous_76)
FN:922,(anonymous_77)
FN:929,(anonymous_78)
FNF:79
FNH:72
FNDA:96,median
FNDA:71,(anonymous_1)
FNDA:4,standardDeviation
FNDA:10,(anonymous_3)
FNDA:10,(anonymous_4)
FNDA:10,(anonymous_5)
FNDA:5,coefficientOfVariation
FNDA:10,(anonymous_7)
FNDA:70,getDistanceBucket
FNDA:8,determineConfidence
FNDA:0,isSignificantChange
FNDA:19,applyFilters
FNDA:48,(anonymous_12)
FNDA:18,computeTotals
FNDA:45,(anonymous_14)
FNDA:40,(anonymous_15)
FNDA:23,(anonymous_16)
FNDA:45,(anonymous_17)
FNDA:31,groupByCategory
FNDA:157,(anonymous_19)
FNDA:40,(anonymous_20)
FNDA:10,(anonymous_21)
FNDA:8,computeStrengths
FNDA:37,(anonymous_23)
FNDA:35,(anonymous_24)
FNDA:35,(anonymous_25)
FNDA:14,(anonymous_26)
FNDA:5,(anonymous_27)
FNDA:0,(anonymous_28)
FNDA:35,(anonymous_29)
FNDA:7,(anonymous_30)
FNDA:0,(anonymous_31)
FNDA:35,(anonymous_32)
FNDA:3,(anonymous_33)
FNDA:2,(anonymous_34)
FNDA:1,(anonymous_35)
FNDA:5,computeWeaknesses
FNDA:26,(anonymous_37)
FNDA:26,(anonymous_38)
FNDA:26,(anonymous_39)
FNDA:11,(anonymous_40)
FNDA:5,(anonymous_41)
FNDA:5,(anonymous_42)
FNDA:5,(anonymous_43)
FNDA:6,(anonymous_44)
FNDA:6,(anonymous_45)
FNDA:0,(anonymous_46)
FNDA:3,(anonymous_47)
FNDA:26,(anonymous_48)
FNDA:5,(anonymous_49)
FNDA:0,(anonymous_50)
FNDA:0,(anonymous_51)
FNDA:0,(anonymous_52)
FNDA:1,(anonymous_53)
FNDA:7,computeTrends
FNDA:44,(anonymous_55)
FNDA:41,(anonymous_56)
FNDA:32,(anonymous_57)
FNDA:28,(anonymous_58)
FNDA:32,(anonymous_59)
FNDA:32,(anonymous_60)
FNDA:16,(anonymous_61)
FNDA:16,(anonymous_62)
FNDA:16,(anonymous_63)
FNDA:32,(anonymous_64)
FNDA:32,(anonymous_65)
FNDA:4,(anonymous_66)
FNDA:4,(anonymous_67)
FNDA:8,(anonymous_68)
FNDA:8,(anonymous_69)
FNDA:7,generateRecommendations
FNDA:4,(anonymous_71)
FNDA:1,(anonymous_72)
FNDA:1,(anonymous_73)
FNDA:1,(anonymous_74)
FNDA:9,computeInsights
FNDA:23,(anonymous_76)
FNDA:19,(anonymous_77)
FNDA:19,(anonymous_78)
DA:10,1
DA:18,1
DA:38,1
DA:39,1
DA:40,1
DA:41,1
DA:51,96
DA:52,71
DA:53,35
DA:54,35
DA:63,4
DA:64,10
DA:65,10
DA:66,10
DA:73,5
DA:74,10
DA:75,4
DA:76,4
DA:83,70
DA:84,70
DA:85,140
DA:86,70
DA:89,0
DA:96,8
DA:108,0
DA:109,0
DA:111,0
DA:112,0
DA:113,0
DA:116,0
DA:126,1
DA:130,19
DA:132,48
DA:133,10
DA:134,10
DA:135,10
DA:141,10
DA:142,10
DA:143,10
DA:148,45
DA:149,0
DA:153,45
DA:154,0
DA:158,45
DA:159,0
DA:163,45
DA:164,5
DA:165,5
DA:169,43
DA:170,9
DA:171,9
DA:172,9
DA:176,37
DA:177,4
DA:178,4
DA:179,3
DA:180,3
DA:182,2
DA:183,2
DA:188,35
DA:189,0
DA:192,35
DA:203,1
DA:204,45
DA:205,18
DA:208,18
DA:209,18
DA:210,18
DA:211,18
DA:212,18
DA:214,18
DA:215,40
DA:216,40
DA:217,39
DA:218,39
DA:219,39
DA:220,22
DA:222,39
DA:223,38
DA:229,18
DA:238,18
DA:247,18
DA:248,18
DA:249,14
DA:260,18
DA:261,18
DA:262,9
DA:268,45
DA:269,23
DA:275,18
DA:276,18
DA:284,18
DA:298,31
DA:300,31
DA:301,157
DA:302,157
DA:304,112
DA:305,40
DA:318,112
DA:319,112
DA:321,112
DA:322,112
DA:323,112
DA:324,112
DA:325,10
DA:331,31
DA:332,40
DA:333,40
DA:335,10
DA:337,40
DA:340,31
DA:346,1
DA:350,8
DA:351,37
DA:353,8
DA:354,1
DA:358,7
DA:359,7
DA:360,7
DA:362,7
DA:363,35
DA:364,35
DA:365,35
DA:366,35
DA:367,5
DA:372,7
DA:373,7
DA:376,7
DA:377,35
DA:380,7
DA:381,14
DA:384,13
DA:385,13
DA:386,3
DA:387,3
DA:403,5
DA:408,13
DA:409,0
DA:410,0
DA:411,0
DA:412,0
DA:428,0
DA:435,7
DA:436,35
DA:437,35
DA:438,35
DA:439,35
DA:442,7
DA:443,7
DA:445,7
DA:446,7
DA:447,0
DA:448,0
DA:464,0
DA:470,35
DA:472,7
DA:473,3
DA:475,3
DA:476,3
DA:477,1
DA:478,1
DA:494,2
DA:500,7
DA:510,1
DA:514,5
DA:515,26
DA:517,5
DA:518,0
DA:522,5
DA:523,5
DA:524,5
DA:526,5
DA:527,26
DA:528,26
DA:529,26
DA:530,26
DA:531,5
DA:536,5
DA:537,5
DA:540,5
DA:541,26
DA:544,5
DA:545,11
DA:548,11
DA:549,11
DA:550,3
DA:553,3
DA:554,5
DA:555,5
DA:556,3
DA:557,3
DA:559,3
DA:578,5
DA:583,11
DA:584,2
DA:585,6
DA:586,6
DA:587,2
DA:589,2
DA:591,0
DA:593,1
DA:594,1
DA:611,3
DA:618,5
DA:619,26
DA:620,26
DA:621,26
DA:622,26
DA:625,5
DA:626,5
DA:628,5
DA:629,5
DA:630,0
DA:632,0
DA:633,0
DA:634,0
DA:635,0
DA:637,0
DA:654,0
DA:660,5
DA:670,1
DA:674,7
DA:675,7
DA:676,44
DA:677,41
DA:679,7
DA:680,3
DA:684,4
DA:686,4
DA:687,32
DA:688,32
DA:689,32
DA:690,32
DA:692,32
DA:693,32
DA:695,32
DA:699,4
DA:700,28
DA:703,4
DA:704,0
DA:708,4
DA:710,4
DA:711,32
DA:712,32
DA:713,32
DA:714,32
DA:715,32
DA:716,32
DA:720,32
DA:721,32
DA:729,4
DA:731,4
DA:732,4
DA:733,4
DA:736,16
DA:738,16
DA:740,4
DA:741,4
DA:743,4
DA:744,16
DA:745,2
DA:759,4
DA:761,4
DA:762,32
DA:763,32
DA:764,32
DA:765,8
DA:769,32
DA:770,8
DA:771,8
DA:772,8
DA:781,4
DA:782,1
DA:783,1
DA:784,1
DA:787,4
DA:789,4
DA:791,1
DA:792,1
DA:794,1
DA:795,1
DA:796,8
DA:797,8
DA:798,1
DA:812,4
DA:822,1
DA:828,7
DA:831,7
DA:832,4
DA:834,4
DA:835,2
DA:853,4
DA:854,2
DA:868,7
DA:869,1
DA:871,1
DA:884,7
DA:885,1
DA:886,1
DA:899,7
DA:900,7
DA:901,1
DA:912,1
DA:917,9
DA:918,23
DA:921,9
DA:922,9
DA:923,19
DA:924,19
DA:929,19
DA:930,9
DA:935,9
DA:938,9
DA:939,9
DA:940,9
DA:941,9
DA:942,9
DA:946,9
LF:318
LH:289
BRDA:51,0,0,61
BRDA:51,0,1,35
BRDA:54,1,0,22
BRDA:54,1,1,13
BRDA:63,2,0,0
BRDA:63,2,1,4
BRDA:73,3,0,1
BRDA:73,3,1,4
BRDA:75,4,0,0
BRDA:75,4,1,4
BRDA:83,5,0,0
BRDA:83,5,1,70
BRDA:85,6,0,70
BRDA:85,6,1,70
BRDA:85,7,0,140
BRDA:85,7,1,140
BRDA:106,8,0,0
BRDA:112,9,0,0
BRDA:112,9,1,0
BRDA:113,10,0,0
BRDA:113,10,1,0
BRDA:113,11,0,0
BRDA:113,11,1,0
BRDA:113,12,0,0
BRDA:113,12,1,0
BRDA:132,13,0,10
BRDA:132,13,1,38
BRDA:141,14,0,10
BRDA:141,14,1,0
BRDA:143,15,0,3
BRDA:143,15,1,7
BRDA:148,16,0,0
BRDA:148,16,1,45
BRDA:148,17,0,45
BRDA:148,17,1,0
BRDA:153,18,0,0
BRDA:153,18,1,45
BRDA:153,19,0,45
BRDA:153,19,1,0
BRDA:158,20,0,0
BRDA:158,20,1,45
BRDA:158,21,0,45
BRDA:158,21,1,0
BRDA:163,22,0,5
BRDA:163,22,1,40
BRDA:165,23,0,2
BRDA:165,23,1,3
BRDA:169,24,0,9
BRDA:169,24,1,34
BRDA:170,25,0,9
BRDA:170,25,1,0
BRDA:171,26,0,9
BRDA:171,26,1,0
BRDA:172,27,0,6
BRDA:172,27,1,3
BRDA:176,28,0,4
BRDA:176,28,1,33
BRDA:178,29,0,1
BRDA:178,29,1,3
BRDA:178,30,0,4
BRDA:178,30,1,2
BRDA:179,31,0,0
BRDA:179,31,1,3
BRDA:179,32,0,3
BRDA:179,32,1,0
BRDA:180,33,0,2
BRDA:180,33,1,1
BRDA:183,34,0,1
BRDA:183,34,1,1
BRDA:188,35,0,0
BRDA:188,35,1,35
BRDA:188,36,0,35
BRDA:188,36,1,0
BRDA:216,37,0,39
BRDA:216,37,1,1
BRDA:219,38,0,22
BRDA:219,38,1,17
BRDA:222,39,0,38
BRDA:222,39,1,1
BRDA:248,40,0,14
BRDA:248,40,1,4
BRDA:261,41,0,9
BRDA:261,41,1,9
BRDA:275,42,0,14
BRDA:275,42,1,4
BRDA:302,43,0,45
BRDA:302,43,1,112
BRDA:304,44,0,40
BRDA:304,44,1,72
BRDA:321,45,0,112
BRDA:321,45,1,0
BRDA:324,46,0,10
BRDA:324,46,1,102
BRDA:332,47,0,40
BRDA:332,47,1,0
BRDA:334,48,0,2
BRDA:334,48,1,38
BRDA:353,49,0,1
BRDA:353,49,1,7
BRDA:363,50,0,35
BRDA:363,50,1,0
BRDA:366,51,0,5
BRDA:366,51,1,30
BRDA:372,52,0,7
BRDA:372,52,1,0
BRDA:377,53,0,35
BRDA:377,53,1,10
BRDA:381,54,0,1
BRDA:381,54,1,13
BRDA:385,55,0,3
BRDA:385,55,1,10
BRDA:408,56,0,0
BRDA:408,56,1,13
BRDA:408,57,0,13
BRDA:408,57,1,0
BRDA:410,58,0,0
BRDA:410,58,1,0
BRDA:436,59,0,35
BRDA:436,59,1,35
BRDA:437,60,0,35
BRDA:437,60,1,0
BRDA:438,61,0,0
BRDA:438,61,1,35
BRDA:443,62,0,0
BRDA:443,62,1,7
BRDA:446,63,0,0
BRDA:446,63,1,7
BRDA:470,64,0,35
BRDA:470,64,1,30
BRDA:473,65,0,0
BRDA:473,65,1,3
BRDA:476,66,0,1
BRDA:476,66,1,2
BRDA:517,67,0,0
BRDA:517,67,1,5
BRDA:527,68,0,26
BRDA:527,68,1,0
BRDA:530,69,0,5
BRDA:530,69,1,21
BRDA:536,70,0,5
BRDA:536,70,1,0
BRDA:541,71,0,26
BRDA:541,71,1,5
BRDA:545,72,0,0
BRDA:545,72,1,11
BRDA:549,73,0,3
BRDA:549,73,1,8
BRDA:554,74,0,5
BRDA:554,74,1,5
BRDA:564,75,0,0
BRDA:564,75,1,3
BRDA:577,76,0,0
BRDA:577,76,1,3
BRDA:583,77,0,2
BRDA:583,77,1,9
BRDA:585,78,0,6
BRDA:585,78,1,6
BRDA:589,79,0,1
BRDA:589,79,1,1
BRDA:590,80,0,2
BRDA:590,80,1,1
BRDA:619,81,0,26
BRDA:619,81,1,26
BRDA:620,82,0,26
BRDA:620,82,1,0
BRDA:621,83,0,0
BRDA:621,83,1,26
BRDA:626,84,0,0
BRDA:626,84,1,5
BRDA:629,85,0,0
BRDA:629,85,1,5
BRDA:633,86,0,0
BRDA:633,86,1,0
BRDA:653,87,0,0
BRDA:653,87,1,0
BRDA:679,88,0,3
BRDA:679,88,1,4
BRDA:692,89,0,32
BRDA:692,89,1,0
BRDA:703,90,0,0
BRDA:703,90,1,4
BRDA:714,91,0,32
BRDA:714,91,1,0
BRDA:720,92,0,32
BRDA:720,92,1,0
BRDA:729,93,0,4
BRDA:729,93,1,0
BRDA:743,94,0,2
BRDA:743,94,1,2
BRDA:749,95,0,1
BRDA:749,95,1,1
BRDA:764,96,0,8
BRDA:764,96,1,24
BRDA:769,97,0,8
BRDA:769,97,1,24
BRDA:771,98,0,8
BRDA:771,98,1,0
BRDA:781,99,0,1
BRDA:781,99,1,3
BRDA:794,100,0,1
BRDA:794,100,1,0
BRDA:802,101,0,1
BRDA:802,101,1,0
BRDA:805,102,0,1
BRDA:805,102,1,0
BRDA:832,103,0,0
BRDA:832,103,1,4
BRDA:834,104,0,2
BRDA:834,104,1,2
BRDA:838,105,0,0
BRDA:838,105,1,2
BRDA:841,106,0,0
BRDA:841,106,1,2
BRDA:848,107,0,2
BRDA:848,107,1,1
BRDA:853,108,0,2
BRDA:853,108,1,2
BRDA:876,109,0,1
BRDA:876,109,1,0
BRDA:878,110,0,1
BRDA:878,110,1,0
BRDA:884,111,0,1
BRDA:884,111,1,6
BRDA:884,112,0,7
BRDA:884,112,1,4
BRDA:914,113,0,7
BRDA:923,114,0,19
BRDA:923,114,1,0
BRDA:931,115,0,6
BRDA:931,115,1,3
BRDA:932,116,0,6
BRDA:932,116,1,3
BRDA:939,117,0,2
BRDA:939,117,1,7
BRDA:940,118,0,2
BRDA:940,118,1,7
BRDA:941,119,0,2
BRDA:941,119,1,7
BRDA:942,120,0,2
BRDA:942,120,1,7
BRF:240
BRH:173
end_of_record
